<?xml version="1.0" encoding="UTF-8"?>
<coverage generated="1745602977632" clover="3.2.0">
  <project timestamp="1745602977632" name="All files">
    <metrics statements="586" coveredstatements="512" conditionals="147" coveredconditionals="124" methods="61" coveredmethods="58" elements="794" coveredelements="694" complexity="0" loc="586" ncloc="586" packages="7" files="23" classes="23"/>
    <package name="CozyHotel-SE-BE">
      <metrics statements="48" coveredstatements="45" conditionals="4" coveredconditionals="1" methods="1" coveredmethods="1"/>
      <file name="server.js" path="C:\Users\thana\Desktop\Chula_CEDT\Year1_2\SE_lab\project\CozyHotel-SE-BE\server.js">
        <metrics statements="48" coveredstatements="45" conditionals="4" coveredconditionals="1" methods="1" coveredmethods="1"/>
        <line num="1" count="7" type="stmt"/>
        <line num="2" count="7" type="stmt"/>
        <line num="3" count="7" type="stmt"/>
        <line num="4" count="7" type="stmt"/>
        <line num="5" count="7" type="stmt"/>
        <line num="6" count="7" type="stmt"/>
        <line num="7" count="7" type="stmt"/>
        <line num="8" count="7" type="stmt"/>
        <line num="9" count="7" type="stmt"/>
        <line num="10" count="7" type="stmt"/>
        <line num="11" count="7" type="stmt"/>
        <line num="12" count="7" type="stmt"/>
        <line num="13" count="7" type="stmt"/>
        <line num="16" count="7" type="stmt"/>
        <line num="18" count="7" type="stmt"/>
        <line num="20" count="7" type="stmt"/>
        <line num="26" count="7" type="stmt"/>
        <line num="27" count="7" type="stmt"/>
        <line num="28" count="7" type="stmt"/>
        <line num="29" count="7" type="stmt"/>
        <line num="30" count="7" type="stmt"/>
        <line num="31" count="7" type="stmt"/>
        <line num="32" count="7" type="stmt"/>
        <line num="33" count="7" type="stmt"/>
        <line num="36" count="7" type="stmt"/>
        <line num="37" count="7" type="stmt"/>
        <line num="40" count="7" type="stmt"/>
        <line num="50" count="7" type="stmt"/>
        <line num="51" count="7" type="stmt"/>
        <line num="52" count="7" type="stmt"/>
        <line num="53" count="7" type="stmt"/>
        <line num="54" count="7" type="stmt"/>
        <line num="55" count="7" type="stmt"/>
        <line num="56" count="7" type="stmt"/>
        <line num="58" count="7" type="stmt"/>
        <line num="59" count="7" type="stmt"/>
        <line num="60" count="7" type="stmt"/>
        <line num="61" count="7" type="stmt"/>
        <line num="62" count="7" type="stmt"/>
        <line num="63" count="7" type="stmt"/>
        <line num="64" count="7" type="stmt"/>
        <line num="66" count="7" type="stmt"/>
        <line num="70" count="7" type="stmt"/>
        <line num="73" count="7" type="cond" truecount="1" falsecount="1"/>
        <line num="74" count="0" type="stmt"/>
        <line num="75" count="0" type="cond" truecount="0" falsecount="2"/>
        <line num="76" count="0" type="stmt"/>
        <line num="87" count="7" type="stmt"/>
      </file>
    </package>
    <package name="CozyHotel-SE-BE.__tests__.utils">
      <metrics statements="16" coveredstatements="16" conditionals="2" coveredconditionals="1" methods="3" coveredmethods="3"/>
      <file name="dbHandler.js" path="C:\Users\thana\Desktop\Chula_CEDT\Year1_2\SE_lab\project\CozyHotel-SE-BE\__tests__\utils\dbHandler.js">
        <metrics statements="16" coveredstatements="16" conditionals="2" coveredconditionals="1" methods="3" coveredmethods="3"/>
        <line num="1" count="9" type="stmt"/>
        <line num="2" count="9" type="stmt"/>
        <line num="6" count="9" type="stmt"/>
        <line num="7" count="9" type="stmt"/>
        <line num="8" count="9" type="stmt"/>
        <line num="10" count="9" type="stmt"/>
        <line num="12" count="9" type="stmt"/>
        <line num="18" count="9" type="stmt"/>
        <line num="19" count="122" type="stmt"/>
        <line num="20" count="122" type="stmt"/>
        <line num="21" count="464" type="stmt"/>
        <line num="25" count="9" type="stmt"/>
        <line num="26" count="9" type="stmt"/>
        <line num="27" count="9" type="cond" truecount="1" falsecount="1"/>
        <line num="28" count="9" type="stmt"/>
        <line num="32" count="9" type="stmt"/>
      </file>
    </package>
    <package name="CozyHotel-SE-BE.config">
      <metrics statements="6" coveredstatements="6" conditionals="0" coveredconditionals="0" methods="1" coveredmethods="1"/>
      <file name="db.js" path="C:\Users\thana\Desktop\Chula_CEDT\Year1_2\SE_lab\project\CozyHotel-SE-BE\config\db.js">
        <metrics statements="6" coveredstatements="6" conditionals="0" coveredconditionals="0" methods="1" coveredmethods="1"/>
        <line num="1" count="8" type="stmt"/>
        <line num="3" count="8" type="stmt"/>
        <line num="4" count="11" type="stmt"/>
        <line num="5" count="11" type="stmt"/>
        <line num="8" count="7" type="stmt"/>
        <line num="11" count="8" type="stmt"/>
      </file>
    </package>
    <package name="CozyHotel-SE-BE.controllers">
      <metrics statements="374" coveredstatements="304" conditionals="119" coveredconditionals="100" methods="47" coveredmethods="44"/>
      <file name="accounts.js" path="C:\Users\thana\Desktop\Chula_CEDT\Year1_2\SE_lab\project\CozyHotel-SE-BE\controllers\accounts.js">
        <metrics statements="40" coveredstatements="33" conditionals="10" coveredconditionals="9" methods="4" coveredmethods="4"/>
        <line num="1" count="8" type="stmt"/>
        <line num="2" count="8" type="stmt"/>
        <line num="7" count="8" type="stmt"/>
        <line num="8" count="4" type="stmt"/>
        <line num="10" count="4" type="cond" truecount="2" falsecount="0"/>
        <line num="11" count="4" type="cond" truecount="2" falsecount="0"/>
        <line num="12" count="4" type="stmt"/>
        <line num="15" count="4" type="stmt"/>
        <line num="18" count="4" type="stmt"/>
        <line num="21" count="4" type="stmt"/>
        <line num="24" count="4" type="stmt"/>
        <line num="27" count="4" type="stmt"/>
        <line num="39" count="0" type="stmt"/>
        <line num="40" count="0" type="stmt"/>
        <line num="50" count="8" type="stmt"/>
        <line num="51" count="4" type="stmt"/>
        <line num="52" count="4" type="stmt"/>
        <line num="53" count="4" type="cond" truecount="2" falsecount="0"/>
        <line num="54" count="2" type="stmt"/>
        <line num="59" count="2" type="stmt"/>
        <line num="64" count="0" type="stmt"/>
        <line num="65" count="0" type="stmt"/>
        <line num="75" count="8" type="stmt"/>
        <line num="76" count="3" type="stmt"/>
        <line num="77" count="3" type="stmt"/>
        <line num="81" count="2" type="cond" truecount="1" falsecount="1"/>
        <line num="82" count="0" type="stmt"/>
        <line num="87" count="2" type="stmt"/>
        <line num="92" count="1" type="stmt"/>
        <line num="93" count="1" type="stmt"/>
        <line num="103" count="8" type="stmt"/>
        <line num="104" count="4" type="stmt"/>
        <line num="105" count="4" type="stmt"/>
        <line num="106" count="4" type="cond" truecount="2" falsecount="0"/>
        <line num="107" count="1" type="stmt"/>
        <line num="114" count="3" type="stmt"/>
        <line num="116" count="3" type="stmt"/>
        <line num="118" count="3" type="stmt"/>
        <line num="123" count="0" type="stmt"/>
        <line num="124" count="0" type="stmt"/>
      </file>
      <file name="auth.js" path="C:\Users\thana\Desktop\Chula_CEDT\Year1_2\SE_lab\project\CozyHotel-SE-BE\controllers\auth.js">
        <metrics statements="34" coveredstatements="33" conditionals="12" coveredconditionals="11" methods="6" coveredmethods="6"/>
        <line num="1" count="8" type="stmt"/>
        <line num="2" count="8" type="stmt"/>
        <line num="5" count="8" type="stmt"/>
        <line num="6" count="166" type="stmt"/>
        <line num="8" count="166" type="stmt"/>
        <line num="15" count="166" type="cond" truecount="1" falsecount="1"/>
        <line num="16" count="0" type="stmt"/>
        <line num="19" count="166" type="stmt"/>
        <line num="32" count="8" type="stmt"/>
        <line num="33" count="9" type="stmt"/>
        <line num="34" count="9" type="stmt"/>
        <line num="37" count="9" type="stmt"/>
        <line num="45" count="3" type="stmt"/>
        <line num="47" count="6" type="cond" truecount="2" falsecount="0"/>
        <line num="48" count="3" type="stmt"/>
        <line num="51" count="4" type="stmt"/>
        <line num="54" count="3" type="stmt"/>
        <line num="61" count="8" type="stmt"/>
        <line num="62" count="169" type="stmt"/>
        <line num="65" count="169" type="cond" truecount="4" falsecount="0"/>
        <line num="66" count="2" type="stmt"/>
        <line num="71" count="167" type="stmt"/>
        <line num="73" count="167" type="cond" truecount="2" falsecount="0"/>
        <line num="74" count="2" type="stmt"/>
        <line num="77" count="165" type="stmt"/>
        <line num="79" count="165" type="cond" truecount="2" falsecount="0"/>
        <line num="80" count="2" type="stmt"/>
        <line num="85" count="163" type="stmt"/>
        <line num="91" count="8" type="stmt"/>
        <line num="92" count="1" type="stmt"/>
        <line num="93" count="1" type="stmt"/>
        <line num="102" count="8" type="stmt"/>
        <line num="103" count="1" type="stmt"/>
        <line num="108" count="1" type="stmt"/>
      </file>
      <file name="availability.js" path="C:\Users\thana\Desktop\Chula_CEDT\Year1_2\SE_lab\project\CozyHotel-SE-BE\controllers\availability.js">
        <metrics statements="49" coveredstatements="45" conditionals="25" coveredconditionals="23" methods="9" coveredmethods="9"/>
        <line num="1" count="8" type="stmt"/>
        <line num="2" count="8" type="stmt"/>
        <line num="3" count="8" type="stmt"/>
        <line num="6" count="8" type="stmt"/>
        <line num="7" count="8" type="stmt"/>
        <line num="8" count="8" type="stmt"/>
        <line num="10" count="8" type="cond" truecount="5" falsecount="0"/>
        <line num="11" count="1" type="stmt"/>
        <line num="18" count="7" type="stmt"/>
        <line num="19" count="7" type="stmt"/>
        <line num="21" count="7" type="cond" truecount="4" falsecount="0"/>
        <line num="22" count="2" type="stmt"/>
        <line num="28" count="5" type="cond" truecount="2" falsecount="0"/>
        <line num="29" count="1" type="stmt"/>
        <line num="36" count="4" type="stmt"/>
        <line num="38" count="4" type="cond" truecount="2" falsecount="0"/>
        <line num="39" count="1" type="stmt"/>
        <line num="46" count="3" type="stmt"/>
        <line num="47" count="3" type="stmt"/>
        <line num="50" count="3" type="stmt"/>
        <line num="53" count="3" type="stmt"/>
        <line num="55" count="3" type="stmt"/>
        <line num="65" count="0" type="stmt"/>
        <line num="73" count="8" type="stmt"/>
        <line num="74" count="4" type="stmt"/>
        <line num="75" count="4" type="stmt"/>
        <line num="77" count="4" type="cond" truecount="4" falsecount="0"/>
        <line num="78" count="1" type="stmt"/>
        <line num="85" count="3" type="stmt"/>
        <line num="86" count="3" type="stmt"/>
        <line num="88" count="3" type="cond" truecount="3" falsecount="1"/>
        <line num="89" count="0" type="stmt"/>
        <line num="95" count="3" type="cond" truecount="2" falsecount="0"/>
        <line num="96" count="1" type="stmt"/>
        <line num="103" count="2" type="stmt"/>
        <line num="105" count="2" type="cond" truecount="1" falsecount="1"/>
        <line num="106" count="0" type="stmt"/>
        <line num="113" count="2" type="stmt"/>
        <line num="115" count="2" type="stmt"/>
        <line num="118" count="2" type="stmt"/>
        <line num="119" count="2" type="stmt"/>
        <line num="122" count="2" type="stmt"/>
        <line num="125" count="2" type="stmt"/>
        <line num="127" count="2" type="stmt"/>
        <line num="132" count="2" type="stmt"/>
        <line num="136" count="2" type="stmt"/>
        <line num="139" count="2" type="stmt"/>
        <line num="141" count="2" type="stmt"/>
        <line num="150" count="0" type="stmt"/>
      </file>
      <file name="bookings.js" path="C:\Users\thana\Desktop\Chula_CEDT\Year1_2\SE_lab\project\CozyHotel-SE-BE\controllers\bookings.js">
        <metrics statements="55" coveredstatements="42" conditionals="20" coveredconditionals="18" methods="5" coveredmethods="4"/>
        <line num="1" count="8" type="stmt"/>
        <line num="2" count="8" type="stmt"/>
        <line num="4" count="8" type="stmt"/>
        <line num="8" count="4" type="cond" truecount="2" falsecount="0"/>
        <line num="9" count="2" type="stmt"/>
        <line num="20" count="2" type="cond" truecount="2" falsecount="0"/>
        <line num="21" count="1" type="stmt"/>
        <line num="22" count="1" type="stmt"/>
        <line num="33" count="1" type="stmt"/>
        <line num="46" count="4" type="stmt"/>
        <line num="47" count="4" type="stmt"/>
        <line num="49" count="4" type="stmt"/>
        <line num="55" count="0" type="stmt"/>
        <line num="56" count="0" type="stmt"/>
        <line num="63" count="8" type="stmt"/>
        <line num="64" count="0" type="stmt"/>
        <line num="65" count="0" type="stmt"/>
        <line num="70" count="0" type="cond" truecount="0" falsecount="2"/>
        <line num="71" count="0" type="stmt"/>
        <line num="74" count="0" type="stmt"/>
        <line num="80" count="0" type="stmt"/>
        <line num="81" count="0" type="stmt"/>
        <line num="88" count="8" type="stmt"/>
        <line num="89" count="6" type="stmt"/>
        <line num="90" count="6" type="stmt"/>
        <line num="92" count="6" type="stmt"/>
        <line num="94" count="6" type="cond" truecount="2" falsecount="0"/>
        <line num="95" count="1" type="stmt"/>
        <line num="99" count="5" type="cond" truecount="4" falsecount="0"/>
        <line num="100" count="1" type="stmt"/>
        <line num="107" count="4" type="stmt"/>
        <line num="110" count="4" type="cond" truecount="4" falsecount="0"/>
        <line num="111" count="2" type="stmt"/>
        <line num="116" count="2" type="stmt"/>
        <line num="118" count="2" type="stmt"/>
        <line num="123" count="0" type="stmt"/>
        <line num="124" count="0" type="stmt"/>
        <line num="133" count="8" type="stmt"/>
        <line num="134" count="4" type="stmt"/>
        <line num="135" count="4" type="stmt"/>
        <line num="137" count="4" type="cond" truecount="2" falsecount="0"/>
        <line num="138" count="1" type="stmt"/>
        <line num="141" count="3" type="stmt"/>
        <line num="146" count="3" type="stmt"/>
        <line num="151" count="0" type="stmt"/>
        <line num="152" count="0" type="stmt"/>
        <line num="162" count="8" type="stmt"/>
        <line num="163" count="4" type="stmt"/>
        <line num="164" count="4" type="stmt"/>
        <line num="166" count="4" type="cond" truecount="2" falsecount="0"/>
        <line num="167" count="1" type="stmt"/>
        <line num="170" count="3" type="stmt"/>
        <line num="172" count="2" type="stmt"/>
        <line num="178" count="1" type="stmt"/>
        <line num="179" count="1" type="stmt"/>
      </file>
      <file name="hotels.js" path="C:\Users\thana\Desktop\Chula_CEDT\Year1_2\SE_lab\project\CozyHotel-SE-BE\controllers\hotels.js">
        <metrics statements="61" coveredstatements="47" conditionals="16" coveredconditionals="12" methods="7" coveredmethods="6"/>
        <line num="1" count="8" type="stmt"/>
        <line num="2" count="8" type="stmt"/>
        <line num="3" count="8" type="stmt"/>
        <line num="4" count="8" type="stmt"/>
        <line num="5" count="8" type="stmt"/>
        <line num="10" count="8" type="stmt"/>
        <line num="11" count="5" type="stmt"/>
        <line num="13" count="5" type="cond" truecount="2" falsecount="0"/>
        <line num="14" count="5" type="cond" truecount="2" falsecount="0"/>
        <line num="15" count="5" type="stmt"/>
        <line num="18" count="5" type="stmt"/>
        <line num="21" count="5" type="stmt"/>
        <line num="24" count="5" type="stmt"/>
        <line num="27" count="5" type="stmt"/>
        <line num="30" count="5" type="stmt"/>
        <line num="42" count="0" type="stmt"/>
        <line num="43" count="0" type="stmt"/>
        <line num="53" count="8" type="stmt"/>
        <line num="54" count="2" type="stmt"/>
        <line num="55" count="2" type="stmt"/>
        <line num="57" count="2" type="cond" truecount="2" falsecount="0"/>
        <line num="58" count="1" type="stmt"/>
        <line num="64" count="1" type="stmt"/>
        <line num="69" count="0" type="stmt"/>
        <line num="70" count="0" type="stmt"/>
        <line num="81" count="8" type="stmt"/>
        <line num="82" count="5" type="stmt"/>
        <line num="83" count="5" type="stmt"/>
        <line num="85" count="5" type="cond" truecount="2" falsecount="0"/>
        <line num="86" count="1" type="stmt"/>
        <line num="92" count="4" type="stmt"/>
        <line num="93" count="1" type="stmt"/>
        <line num="98" count="3" type="stmt"/>
        <line num="99" count="3" type="cond" truecount="1" falsecount="1"/>
        <line num="100" count="8" type="stmt"/>
        <line num="101" count="3" type="stmt"/>
        <line num="102" count="3" type="stmt"/>
        <line num="107" count="0" type="stmt"/>
        <line num="118" count="8" type="stmt"/>
        <line num="119" count="1" type="stmt"/>
        <line num="120" count="1" type="stmt"/>
        <line num="125" count="1" type="cond" truecount="1" falsecount="1"/>
        <line num="126" count="0" type="stmt"/>
        <line num="132" count="1" type="stmt"/>
        <line num="137" count="0" type="stmt"/>
        <line num="138" count="0" type="cond" truecount="0" falsecount="2"/>
        <line num="139" count="0" type="stmt"/>
        <line num="140" count="0" type="stmt"/>
        <line num="141" count="0" type="stmt"/>
        <line num="146" count="0" type="stmt"/>
        <line num="158" count="8" type="stmt"/>
        <line num="159" count="3" type="stmt"/>
        <line num="160" count="3" type="stmt"/>
        <line num="162" count="3" type="cond" truecount="2" falsecount="0"/>
        <line num="163" count="1" type="stmt"/>
        <line num="170" count="2" type="stmt"/>
        <line num="171" count="2" type="stmt"/>
        <line num="174" count="2" type="stmt"/>
        <line num="176" count="2" type="stmt"/>
        <line num="181" count="0" type="stmt"/>
        <line num="182" count="0" type="stmt"/>
      </file>
      <file name="manager.js" path="C:\Users\thana\Desktop\Chula_CEDT\Year1_2\SE_lab\project\CozyHotel-SE-BE\controllers\manager.js">
        <metrics statements="80" coveredstatements="60" conditionals="20" coveredconditionals="14" methods="9" coveredmethods="8"/>
        <line num="1" count="8" type="stmt"/>
        <line num="2" count="8" type="stmt"/>
        <line num="3" count="8" type="stmt"/>
        <line num="4" count="8" type="stmt"/>
        <line num="9" count="8" type="stmt"/>
        <line num="10" count="4" type="stmt"/>
        <line num="11" count="4" type="stmt"/>
        <line num="13" count="4" type="stmt"/>
        <line num="18" count="0" type="stmt"/>
        <line num="28" count="8" type="stmt"/>
        <line num="29" count="1" type="stmt"/>
        <line num="30" count="1" type="stmt"/>
        <line num="34" count="1" type="stmt"/>
        <line num="39" count="0" type="stmt"/>
        <line num="49" count="8" type="stmt"/>
        <line num="50" count="2" type="stmt"/>
        <line num="51" count="2" type="stmt"/>
        <line num="53" count="2" type="stmt"/>
        <line num="58" count="0" type="stmt"/>
        <line num="68" count="8" type="stmt"/>
        <line num="69" count="1" type="stmt"/>
        <line num="70" count="1" type="stmt"/>
        <line num="71" count="1" type="stmt"/>
        <line num="73" count="1" type="stmt"/>
        <line num="78" count="0" type="stmt"/>
        <line num="88" count="8" type="stmt"/>
        <line num="89" count="5" type="stmt"/>
        <line num="90" count="5" type="stmt"/>
        <line num="92" count="5" type="cond" truecount="2" falsecount="0"/>
        <line num="93" count="1" type="stmt"/>
        <line num="100" count="4" type="stmt"/>
        <line num="101" count="4" type="cond" truecount="2" falsecount="0"/>
        <line num="102" count="2" type="stmt"/>
        <line num="108" count="2" type="stmt"/>
        <line num="117" count="2" type="stmt"/>
        <line num="122" count="0" type="stmt"/>
        <line num="132" count="8" type="stmt"/>
        <line num="133" count="5" type="stmt"/>
        <line num="134" count="5" type="stmt"/>
        <line num="136" count="5" type="cond" truecount="2" falsecount="0"/>
        <line num="137" count="1" type="stmt"/>
        <line num="144" count="4" type="stmt"/>
        <line num="145" count="4" type="cond" truecount="2" falsecount="0"/>
        <line num="146" count="2" type="stmt"/>
        <line num="152" count="2" type="stmt"/>
        <line num="154" count="2" type="stmt"/>
        <line num="159" count="0" type="stmt"/>
        <line num="169" count="8" type="stmt"/>
        <line num="170" count="2" type="stmt"/>
        <line num="171" count="2" type="stmt"/>
        <line num="173" count="2" type="cond" truecount="1" falsecount="1"/>
        <line num="174" count="0" type="stmt"/>
        <line num="181" count="2" type="stmt"/>
        <line num="182" count="2" type="cond" truecount="2" falsecount="0"/>
        <line num="183" count="1" type="stmt"/>
        <line num="190" count="1" type="stmt"/>
        <line num="199" count="1" type="stmt"/>
        <line num="204" count="0" type="stmt"/>
        <line num="214" count="8" type="stmt"/>
        <line num="215" count="0" type="stmt"/>
        <line num="216" count="0" type="stmt"/>
        <line num="218" count="0" type="cond" truecount="0" falsecount="2"/>
        <line num="219" count="0" type="stmt"/>
        <line num="226" count="0" type="stmt"/>
        <line num="227" count="0" type="cond" truecount="0" falsecount="2"/>
        <line num="228" count="0" type="stmt"/>
        <line num="235" count="0" type="stmt"/>
        <line num="244" count="0" type="stmt"/>
        <line num="249" count="0" type="stmt"/>
        <line num="259" count="8" type="stmt"/>
        <line num="260" count="2" type="stmt"/>
        <line num="261" count="2" type="stmt"/>
        <line num="263" count="2" type="cond" truecount="1" falsecount="1"/>
        <line num="264" count="0" type="stmt"/>
        <line num="271" count="2" type="stmt"/>
        <line num="272" count="2" type="cond" truecount="2" falsecount="0"/>
        <line num="273" count="1" type="stmt"/>
        <line num="280" count="1" type="stmt"/>
        <line num="282" count="1" type="stmt"/>
        <line num="287" count="0" type="stmt"/>
      </file>
      <file name="roomTypes.js" path="C:\Users\thana\Desktop\Chula_CEDT\Year1_2\SE_lab\project\CozyHotel-SE-BE\controllers\roomTypes.js">
        <metrics statements="55" coveredstatements="44" conditionals="16" coveredconditionals="13" methods="7" coveredmethods="7"/>
        <line num="1" count="8" type="stmt"/>
        <line num="2" count="8" type="stmt"/>
        <line num="3" count="8" type="stmt"/>
        <line num="7" count="8" type="stmt"/>
        <line num="8" count="3" type="stmt"/>
        <line num="9" count="3" type="stmt"/>
        <line num="10" count="2" type="stmt"/>
        <line num="12" count="1" type="stmt"/>
        <line num="13" count="1" type="stmt"/>
        <line num="20" count="8" type="stmt"/>
        <line num="21" count="3" type="stmt"/>
        <line num="22" count="3" type="stmt"/>
        <line num="23" count="3" type="cond" truecount="2" falsecount="0"/>
        <line num="24" count="2" type="stmt"/>
        <line num="28" count="1" type="stmt"/>
        <line num="30" count="0" type="stmt"/>
        <line num="31" count="0" type="stmt"/>
        <line num="38" count="8" type="stmt"/>
        <line num="39" count="7" type="stmt"/>
        <line num="40" count="7" type="stmt"/>
        <line num="41" count="2" type="stmt"/>
        <line num="43" count="5" type="cond" truecount="2" falsecount="0"/>
        <line num="44" count="4" type="stmt"/>
        <line num="47" count="4" type="stmt"/>
        <line num="50" count="1" type="cond" truecount="1" falsecount="1"/>
        <line num="51" count="1" type="stmt"/>
        <line num="56" count="0" type="stmt"/>
        <line num="63" count="8" type="stmt"/>
        <line num="64" count="3" type="stmt"/>
        <line num="65" count="3" type="stmt"/>
        <line num="69" count="3" type="cond" truecount="2" falsecount="0"/>
        <line num="70" count="1" type="stmt"/>
        <line num="74" count="2" type="stmt"/>
        <line num="76" count="0" type="stmt"/>
        <line num="77" count="0" type="cond" truecount="0" falsecount="2"/>
        <line num="78" count="0" type="stmt"/>
        <line num="83" count="0" type="stmt"/>
        <line num="90" count="8" type="stmt"/>
        <line num="91" count="3" type="stmt"/>
        <line num="92" count="3" type="stmt"/>
        <line num="94" count="3" type="cond" truecount="2" falsecount="0"/>
        <line num="95" count="1" type="stmt"/>
        <line num="100" count="2" type="stmt"/>
        <line num="101" count="2" type="stmt"/>
        <line num="103" count="2" type="stmt"/>
        <line num="105" count="0" type="stmt"/>
        <line num="106" count="0" type="stmt"/>
        <line num="113" count="8" type="stmt"/>
        <line num="114" count="2" type="stmt"/>
        <line num="115" count="2" type="stmt"/>
        <line num="117" count="2" type="cond" truecount="4" falsecount="0"/>
        <line num="118" count="1" type="stmt"/>
        <line num="124" count="1" type="stmt"/>
        <line num="130" count="0" type="stmt"/>
        <line num="131" count="0" type="stmt"/>
      </file>
    </package>
    <package name="CozyHotel-SE-BE.middleware">
      <metrics statements="33" coveredstatements="32" conditionals="14" coveredconditionals="14" methods="4" coveredmethods="4"/>
      <file name="auth.js" path="C:\Users\thana\Desktop\Chula_CEDT\Year1_2\SE_lab\project\CozyHotel-SE-BE\middleware\auth.js">
        <metrics statements="19" coveredstatements="19" conditionals="8" coveredconditionals="8" methods="3" coveredmethods="3"/>
        <line num="1" count="9" type="stmt"/>
        <line num="2" count="9" type="stmt"/>
        <line num="4" count="9" type="stmt"/>
        <line num="6" count="75" type="cond" truecount="4" falsecount="0"/>
        <line num="7" count="70" type="stmt"/>
        <line num="10" count="75" type="cond" truecount="2" falsecount="0"/>
        <line num="11" count="5" type="stmt"/>
        <line num="13" count="70" type="stmt"/>
        <line num="14" count="70" type="stmt"/>
        <line num="15" count="67" type="stmt"/>
        <line num="16" count="67" type="stmt"/>
        <line num="17" count="67" type="stmt"/>
        <line num="19" count="3" type="stmt"/>
        <line num="20" count="3" type="stmt"/>
        <line num="25" count="9" type="stmt"/>
        <line num="26" count="103" type="stmt"/>
        <line num="27" count="67" type="cond" truecount="2" falsecount="0"/>
        <line num="28" count="7" type="stmt"/>
        <line num="30" count="59" type="stmt"/>
      </file>
      <file name="managerAuth.js" path="C:\Users\thana\Desktop\Chula_CEDT\Year1_2\SE_lab\project\CozyHotel-SE-BE\middleware\managerAuth.js">
        <metrics statements="14" coveredstatements="13" conditionals="6" coveredconditionals="6" methods="1" coveredmethods="1"/>
        <line num="1" count="8" type="stmt"/>
        <line num="4" count="8" type="stmt"/>
        <line num="5" count="12" type="stmt"/>
        <line num="7" count="12" type="cond" truecount="2" falsecount="0"/>
        <line num="8" count="1" type="stmt"/>
        <line num="15" count="11" type="stmt"/>
        <line num="16" count="11" type="stmt"/>
        <line num="17" count="11" type="cond" truecount="2" falsecount="0"/>
        <line num="18" count="1" type="stmt"/>
        <line num="25" count="10" type="stmt"/>
        <line num="26" count="10" type="cond" truecount="2" falsecount="0"/>
        <line num="27" count="5" type="stmt"/>
        <line num="34" count="5" type="stmt"/>
        <line num="36" count="0" type="stmt"/>
      </file>
    </package>
    <package name="CozyHotel-SE-BE.models">
      <metrics statements="46" coveredstatements="46" conditionals="8" coveredconditionals="8" methods="5" coveredmethods="5"/>
      <file name="Booking.js" path="C:\Users\thana\Desktop\Chula_CEDT\Year1_2\SE_lab\project\CozyHotel-SE-BE\models\Booking.js">
        <metrics statements="3" coveredstatements="3" conditionals="0" coveredconditionals="0" methods="0" coveredmethods="0"/>
        <line num="1" count="16" type="stmt"/>
        <line num="3" count="16" type="stmt"/>
        <line num="33" count="16" type="stmt"/>
      </file>
      <file name="Hotel.js" path="C:\Users\thana\Desktop\Chula_CEDT\Year1_2\SE_lab\project\CozyHotel-SE-BE\models\Hotel.js">
        <metrics statements="4" coveredstatements="4" conditionals="0" coveredconditionals="0" methods="0" coveredmethods="0"/>
        <line num="1" count="13" type="stmt"/>
        <line num="3" count="13" type="stmt"/>
        <line num="46" count="13" type="stmt"/>
        <line num="53" count="13" type="stmt"/>
      </file>
      <file name="RoomType.js" path="C:\Users\thana\Desktop\Chula_CEDT\Year1_2\SE_lab\project\CozyHotel-SE-BE\models\RoomType.js">
        <metrics statements="27" coveredstatements="27" conditionals="8" coveredconditionals="8" methods="2" coveredmethods="2"/>
        <line num="1" count="13" type="stmt"/>
        <line num="3" count="13" type="stmt"/>
        <line num="117" count="13" type="stmt"/>
        <line num="120" count="13" type="stmt"/>
        <line num="121" count="9" type="stmt"/>
        <line num="124" count="9" type="stmt"/>
        <line num="125" count="9" type="cond" truecount="2" falsecount="0"/>
        <line num="126" count="1" type="stmt"/>
        <line num="130" count="8" type="cond" truecount="2" falsecount="0"/>
        <line num="131" count="1" type="stmt"/>
        <line num="150" count="7" type="stmt"/>
        <line num="151" count="7" type="stmt"/>
        <line num="154" count="7" type="stmt"/>
        <line num="165" count="7" type="stmt"/>
        <line num="168" count="7" type="stmt"/>
        <line num="169" count="11" type="stmt"/>
        <line num="170" count="11" type="stmt"/>
        <line num="173" count="11" type="stmt"/>
        <line num="174" count="21" type="stmt"/>
        <line num="175" count="21" type="cond" truecount="2" falsecount="0"/>
        <line num="180" count="7" type="stmt"/>
        <line num="181" count="7" type="stmt"/>
        <line num="182" count="8" type="stmt"/>
        <line num="186" count="7" type="stmt"/>
        <line num="188" count="7" type="stmt"/>
        <line num="206" count="13" type="stmt"/>
        <line num="208" count="13" type="stmt"/>
      </file>
      <file name="User.js" path="C:\Users\thana\Desktop\Chula_CEDT\Year1_2\SE_lab\project\CozyHotel-SE-BE\models\User.js">
        <metrics statements="12" coveredstatements="12" conditionals="0" coveredconditionals="0" methods="3" coveredmethods="3"/>
        <line num="1" count="17" type="stmt"/>
        <line num="2" count="17" type="stmt"/>
        <line num="3" count="17" type="stmt"/>
        <line num="5" count="17" type="stmt"/>
        <line num="49" count="17" type="stmt"/>
        <line num="50" count="237" type="stmt"/>
        <line num="51" count="237" type="stmt"/>
        <line num="55" count="17" type="stmt"/>
        <line num="56" count="166" type="stmt"/>
        <line num="62" count="17" type="stmt"/>
        <line num="63" count="163" type="stmt"/>
        <line num="66" count="17" type="stmt"/>
      </file>
    </package>
    <package name="CozyHotel-SE-BE.routes">
      <metrics statements="63" coveredstatements="63" conditionals="0" coveredconditionals="0" methods="0" coveredmethods="0"/>
      <file name="accounts.js" path="C:\Users\thana\Desktop\Chula_CEDT\Year1_2\SE_lab\project\CozyHotel-SE-BE\routes\accounts.js">
        <metrics statements="7" coveredstatements="7" conditionals="0" coveredconditionals="0" methods="0" coveredmethods="0"/>
        <line num="1" count="7" type="stmt"/>
        <line num="7" count="7" type="stmt"/>
        <line num="9" count="7" type="stmt"/>
        <line num="11" count="7" type="stmt"/>
        <line num="13" count="7" type="stmt"/>
        <line num="16" count="7" type="stmt"/>
        <line num="21" count="7" type="stmt"/>
      </file>
      <file name="auth.js" path="C:\Users\thana\Desktop\Chula_CEDT\Year1_2\SE_lab\project\CozyHotel-SE-BE\routes\auth.js">
        <metrics statements="9" coveredstatements="9" conditionals="0" coveredconditionals="0" methods="0" coveredmethods="0"/>
        <line num="1" count="7" type="stmt"/>
        <line num="2" count="7" type="stmt"/>
        <line num="4" count="7" type="stmt"/>
        <line num="6" count="7" type="stmt"/>
        <line num="8" count="7" type="stmt"/>
        <line num="9" count="7" type="stmt"/>
        <line num="10" count="7" type="stmt"/>
        <line num="11" count="7" type="stmt"/>
        <line num="13" count="7" type="stmt"/>
      </file>
      <file name="availability.js" path="C:\Users\thana\Desktop\Chula_CEDT\Year1_2\SE_lab\project\CozyHotel-SE-BE\routes\availability.js">
        <metrics statements="6" coveredstatements="6" conditionals="0" coveredconditionals="0" methods="0" coveredmethods="0"/>
        <line num="1" count="7" type="stmt"/>
        <line num="2" count="7" type="stmt"/>
        <line num="3" count="7" type="stmt"/>
        <line num="6" count="7" type="stmt"/>
        <line num="9" count="7" type="stmt"/>
        <line num="11" count="7" type="stmt"/>
      </file>
      <file name="bookings.js" path="C:\Users\thana\Desktop\Chula_CEDT\Year1_2\SE_lab\project\CozyHotel-SE-BE\routes\bookings.js">
        <metrics statements="7" coveredstatements="7" conditionals="0" coveredconditionals="0" methods="0" coveredmethods="0"/>
        <line num="1" count="7" type="stmt"/>
        <line num="2" count="7" type="stmt"/>
        <line num="4" count="7" type="stmt"/>
        <line num="5" count="7" type="stmt"/>
        <line num="7" count="7" type="stmt"/>
        <line num="10" count="7" type="stmt"/>
        <line num="15" count="7" type="stmt"/>
      </file>
      <file name="hotels.js" path="C:\Users\thana\Desktop\Chula_CEDT\Year1_2\SE_lab\project\CozyHotel-SE-BE\routes\hotels.js">
        <metrics statements="9" coveredstatements="9" conditionals="0" coveredconditionals="0" methods="0" coveredmethods="0"/>
        <line num="1" count="7" type="stmt"/>
        <line num="2" count="7" type="stmt"/>
        <line num="5" count="7" type="stmt"/>
        <line num="7" count="7" type="stmt"/>
        <line num="9" count="7" type="stmt"/>
        <line num="12" count="7" type="stmt"/>
        <line num="14" count="7" type="stmt"/>
        <line num="15" count="7" type="stmt"/>
        <line num="17" count="7" type="stmt"/>
      </file>
      <file name="manager.js" path="C:\Users\thana\Desktop\Chula_CEDT\Year1_2\SE_lab\project\CozyHotel-SE-BE\routes\manager.js">
        <metrics statements="17" coveredstatements="17" conditionals="0" coveredconditionals="0" methods="0" coveredmethods="0"/>
        <line num="1" count="7" type="stmt"/>
        <line num="12" count="7" type="stmt"/>
        <line num="14" count="7" type="stmt"/>
        <line num="15" count="7" type="stmt"/>
        <line num="17" count="7" type="stmt"/>
        <line num="20" count="7" type="stmt"/>
        <line num="21" count="7" type="stmt"/>
        <line num="24" count="7" type="stmt"/>
        <line num="25" count="7" type="stmt"/>
        <line num="29" count="7" type="stmt"/>
        <line num="30" count="7" type="stmt"/>
        <line num="31" count="7" type="stmt"/>
        <line num="34" count="7" type="stmt"/>
        <line num="35" count="7" type="stmt"/>
        <line num="36" count="7" type="stmt"/>
        <line num="37" count="7" type="stmt"/>
        <line num="39" count="7" type="stmt"/>
      </file>
      <file name="roomTypes.js" path="C:\Users\thana\Desktop\Chula_CEDT\Year1_2\SE_lab\project\CozyHotel-SE-BE\routes\roomTypes.js">
        <metrics statements="8" coveredstatements="8" conditionals="0" coveredconditionals="0" methods="0" coveredmethods="0"/>
        <line num="1" count="7" type="stmt"/>
        <line num="9" count="7" type="stmt"/>
        <line num="11" count="7" type="stmt"/>
        <line num="12" count="7" type="stmt"/>
        <line num="14" count="7" type="stmt"/>
        <line num="18" count="7" type="stmt"/>
        <line num="23" count="7" type="stmt"/>
        <line num="25" count="7" type="stmt"/>
      </file>
    </package>
  </project>
</coverage>
