{"C:\\Users\\thana\\Desktop\\Chula_CEDT\\Year1_2\\SE_lab\\CozyHotel-SE-BE\\config\\db.js": {"path":"C:\\Users\\thana\\Desktop\\Chula_CEDT\\Year1_2\\SE_lab\\CozyHotel-SE-BE\\config\\db.js","statementMap":{"0":{"start":{"line":1,"column":17},"end":{"line":1,"column":36}},"1":{"start":{"line":3,"column":18},"end":{"line":9,"column":1}},"2":{"start":{"line":4,"column":4},"end":{"line":4,"column":38}},"3":{"start":{"line":5,"column":17},"end":{"line":5,"column":62}},"4":{"start":{"line":8,"column":4},"end":{"line":8,"column":61}},"5":{"start":{"line":11,"column":0},"end":{"line":11,"column":25}}},"fnMap":{"0":{"name":"(anonymous_0)","decl":{"start":{"line":3,"column":18},"end":{"line":3,"column":19}},"loc":{"start":{"line":3,"column":29},"end":{"line":9,"column":1}},"line":3}},"branchMap":{},"s":{"0":8,"1":8,"2":11,"3":11,"4":7,"5":8},"f":{"0":11},"b":{},"_coverageSchema":"1a1c01bbd47fc00a2c39e90264f33305004495a9","hash":"892bbf2e20f50705ae513ab864e3aee4fa4bca3d"}
,"C:\\Users\\thana\\Desktop\\Chula_CEDT\\Year1_2\\SE_lab\\CozyHotel-SE-BE\\controllers\\accounts.js": {"path":"C:\\Users\\thana\\Desktop\\Chula_CEDT\\Year1_2\\SE_lab\\CozyHotel-SE-BE\\controllers\\accounts.js","statementMap":{"0":{"start":{"line":1,"column":13},"end":{"line":1,"column":38}},"1":{"start":{"line":2,"column":16},"end":{"line":2,"column":44}},"2":{"start":{"line":7,"column":0},"end":{"line":45,"column":2}},"3":{"start":{"line":8,"column":4},"end":{"line":44,"column":5}},"4":{"start":{"line":10,"column":21},"end":{"line":10,"column":54}},"5":{"start":{"line":11,"column":22},"end":{"line":11,"column":53}},"6":{"start":{"line":12,"column":27},"end":{"line":12,"column":45}},"7":{"start":{"line":15,"column":22},"end":{"line":15,"column":49}},"8":{"start":{"line":18,"column":20},"end":{"line":18,"column":31}},"9":{"start":{"line":21,"column":8},"end":{"line":21,"column":52}},"10":{"start":{"line":24,"column":22},"end":{"line":24,"column":33}},"11":{"start":{"line":27,"column":8},"end":{"line":37,"column":11}},"12":{"start":{"line":39,"column":8},"end":{"line":39,"column":49}},"13":{"start":{"line":40,"column":8},"end":{"line":43,"column":11}},"14":{"start":{"line":50,"column":0},"end":{"line":70,"column":2}},"15":{"start":{"line":51,"column":4},"end":{"line":69,"column":5}},"16":{"start":{"line":52,"column":21},"end":{"line":52,"column":55}},"17":{"start":{"line":53,"column":8},"end":{"line":58,"column":9}},"18":{"start":{"line":54,"column":12},"end":{"line":57,"column":15}},"19":{"start":{"line":59,"column":8},"end":{"line":62,"column":11}},"20":{"start":{"line":64,"column":8},"end":{"line":64,"column":48}},"21":{"start":{"line":65,"column":8},"end":{"line":68,"column":11}},"22":{"start":{"line":75,"column":0},"end":{"line":98,"column":2}},"23":{"start":{"line":76,"column":4},"end":{"line":97,"column":5}},"24":{"start":{"line":77,"column":21},"end":{"line":80,"column":10}},"25":{"start":{"line":81,"column":8},"end":{"line":86,"column":9}},"26":{"start":{"line":82,"column":12},"end":{"line":85,"column":15}},"27":{"start":{"line":87,"column":8},"end":{"line":90,"column":11}},"28":{"start":{"line":92,"column":8},"end":{"line":92,"column":51}},"29":{"start":{"line":93,"column":8},"end":{"line":96,"column":11}},"30":{"start":{"line":103,"column":0},"end":{"line":129,"column":2}},"31":{"start":{"line":104,"column":4},"end":{"line":128,"column":5}},"32":{"start":{"line":105,"column":21},"end":{"line":105,"column":55}},"33":{"start":{"line":106,"column":8},"end":{"line":111,"column":9}},"34":{"start":{"line":107,"column":12},"end":{"line":110,"column":15}},"35":{"start":{"line":114,"column":8},"end":{"line":114,"column":58}},"36":{"start":{"line":116,"column":8},"end":{"line":116,"column":53}},"37":{"start":{"line":118,"column":8},"end":{"line":121,"column":11}},"38":{"start":{"line":123,"column":8},"end":{"line":123,"column":51}},"39":{"start":{"line":124,"column":8},"end":{"line":127,"column":11}}},"fnMap":{"0":{"name":"(anonymous_0)","decl":{"start":{"line":7,"column":19},"end":{"line":7,"column":20}},"loc":{"start":{"line":7,"column":45},"end":{"line":45,"column":1}},"line":7},"1":{"name":"(anonymous_1)","decl":{"start":{"line":50,"column":18},"end":{"line":50,"column":19}},"loc":{"start":{"line":50,"column":44},"end":{"line":70,"column":1}},"line":50},"2":{"name":"(anonymous_2)","decl":{"start":{"line":75,"column":21},"end":{"line":75,"column":22}},"loc":{"start":{"line":75,"column":47},"end":{"line":98,"column":1}},"line":75},"3":{"name":"(anonymous_3)","decl":{"start":{"line":103,"column":21},"end":{"line":103,"column":22}},"loc":{"start":{"line":103,"column":47},"end":{"line":129,"column":1}},"line":103}},"branchMap":{"0":{"loc":{"start":{"line":10,"column":21},"end":{"line":10,"column":54}},"type":"binary-expr","locations":[{"start":{"line":10,"column":21},"end":{"line":10,"column":49}},{"start":{"line":10,"column":53},"end":{"line":10,"column":54}}],"line":10},"1":{"loc":{"start":{"line":11,"column":22},"end":{"line":11,"column":53}},"type":"binary-expr","locations":[{"start":{"line":11,"column":22},"end":{"line":11,"column":47}},{"start":{"line":11,"column":51},"end":{"line":11,"column":53}}],"line":11},"2":{"loc":{"start":{"line":53,"column":8},"end":{"line":58,"column":9}},"type":"if","locations":[{"start":{"line":53,"column":8},"end":{"line":58,"column":9}},{"start":{},"end":{}}],"line":53},"3":{"loc":{"start":{"line":81,"column":8},"end":{"line":86,"column":9}},"type":"if","locations":[{"start":{"line":81,"column":8},"end":{"line":86,"column":9}},{"start":{},"end":{}}],"line":81},"4":{"loc":{"start":{"line":106,"column":8},"end":{"line":111,"column":9}},"type":"if","locations":[{"start":{"line":106,"column":8},"end":{"line":111,"column":9}},{"start":{},"end":{}}],"line":106}},"s":{"0":8,"1":8,"2":8,"3":5,"4":5,"5":5,"6":5,"7":5,"8":4,"9":4,"10":4,"11":4,"12":1,"13":1,"14":8,"15":5,"16":5,"17":4,"18":2,"19":2,"20":1,"21":1,"22":8,"23":5,"24":5,"25":3,"26":1,"27":2,"28":2,"29":2,"30":8,"31":6,"32":6,"33":5,"34":2,"35":3,"36":3,"37":3,"38":1,"39":1},"f":{"0":5,"1":5,"2":5,"3":6},"b":{"0":[5,3],"1":[5,3],"2":[2,2],"3":[1,2],"4":[2,3]},"_coverageSchema":"1a1c01bbd47fc00a2c39e90264f33305004495a9","hash":"116cbc0aaa31772eb8a79f6f9b1f372ef89e7f38"}
,"C:\\Users\\thana\\Desktop\\Chula_CEDT\\Year1_2\\SE_lab\\CozyHotel-SE-BE\\controllers\\auth.js": {"path":"C:\\Users\\thana\\Desktop\\Chula_CEDT\\Year1_2\\SE_lab\\CozyHotel-SE-BE\\controllers\\auth.js","statementMap":{"0":{"start":{"line":1,"column":13},"end":{"line":1,"column":38}},"1":{"start":{"line":4,"column":26},"end":{"line":27,"column":1}},"2":{"start":{"line":5,"column":16},"end":{"line":5,"column":40}},"3":{"start":{"line":7,"column":18},"end":{"line":12,"column":3}},"4":{"start":{"line":14,"column":2},"end":{"line":16,"column":3}},"5":{"start":{"line":15,"column":4},"end":{"line":15,"column":26}},"6":{"start":{"line":18,"column":2},"end":{"line":26,"column":5}},"7":{"start":{"line":32,"column":0},"end":{"line":54,"column":2}},"8":{"start":{"line":33,"column":2},"end":{"line":53,"column":3}},"9":{"start":{"line":34,"column":64},"end":{"line":34,"column":72}},"10":{"start":{"line":37,"column":17},"end":{"line":44,"column":6}},"11":{"start":{"line":49,"column":4},"end":{"line":49,"column":38}},"12":{"start":{"line":51,"column":4},"end":{"line":51,"column":45}},"13":{"start":{"line":52,"column":4},"end":{"line":52,"column":29}},"14":{"start":{"line":59,"column":0},"end":{"line":84,"column":2}},"15":{"start":{"line":60,"column":30},"end":{"line":60,"column":38}},"16":{"start":{"line":63,"column":2},"end":{"line":67,"column":3}},"17":{"start":{"line":64,"column":4},"end":{"line":66,"column":77}},"18":{"start":{"line":69,"column":15},"end":{"line":69,"column":64}},"19":{"start":{"line":71,"column":2},"end":{"line":73,"column":3}},"20":{"start":{"line":72,"column":4},"end":{"line":72,"column":80}},"21":{"start":{"line":75,"column":18},"end":{"line":75,"column":52}},"22":{"start":{"line":77,"column":2},"end":{"line":79,"column":3}},"23":{"start":{"line":78,"column":4},"end":{"line":78,"column":80}},"24":{"start":{"line":83,"column":2},"end":{"line":83,"column":36}},"25":{"start":{"line":89,"column":0},"end":{"line":95,"column":2}},"26":{"start":{"line":90,"column":15},"end":{"line":90,"column":47}},"27":{"start":{"line":91,"column":2},"end":{"line":94,"column":5}},"28":{"start":{"line":100,"column":0},"end":{"line":110,"column":2}},"29":{"start":{"line":101,"column":2},"end":{"line":104,"column":5}},"30":{"start":{"line":106,"column":2},"end":{"line":109,"column":5}}},"fnMap":{"0":{"name":"(anonymous_0)","decl":{"start":{"line":4,"column":26},"end":{"line":4,"column":27}},"loc":{"start":{"line":4,"column":53},"end":{"line":27,"column":1}},"line":4},"1":{"name":"(anonymous_1)","decl":{"start":{"line":32,"column":19},"end":{"line":32,"column":20}},"loc":{"start":{"line":32,"column":45},"end":{"line":54,"column":1}},"line":32},"2":{"name":"(anonymous_2)","decl":{"start":{"line":59,"column":16},"end":{"line":59,"column":17}},"loc":{"start":{"line":59,"column":42},"end":{"line":84,"column":1}},"line":59},"3":{"name":"(anonymous_3)","decl":{"start":{"line":89,"column":16},"end":{"line":89,"column":17}},"loc":{"start":{"line":89,"column":42},"end":{"line":95,"column":1}},"line":89},"4":{"name":"(anonymous_4)","decl":{"start":{"line":100,"column":17},"end":{"line":100,"column":18}},"loc":{"start":{"line":100,"column":43},"end":{"line":110,"column":1}},"line":100}},"branchMap":{"0":{"loc":{"start":{"line":14,"column":2},"end":{"line":16,"column":3}},"type":"if","locations":[{"start":{"line":14,"column":2},"end":{"line":16,"column":3}},{"start":{},"end":{}}],"line":14},"1":{"loc":{"start":{"line":43,"column":21},"end":{"line":43,"column":40}},"type":"binary-expr","locations":[{"start":{"line":43,"column":21},"end":{"line":43,"column":34}},{"start":{"line":43,"column":38},"end":{"line":43,"column":40}}],"line":43},"2":{"loc":{"start":{"line":63,"column":2},"end":{"line":67,"column":3}},"type":"if","locations":[{"start":{"line":63,"column":2},"end":{"line":67,"column":3}},{"start":{},"end":{}}],"line":63},"3":{"loc":{"start":{"line":63,"column":6},"end":{"line":63,"column":25}},"type":"binary-expr","locations":[{"start":{"line":63,"column":6},"end":{"line":63,"column":12}},{"start":{"line":63,"column":16},"end":{"line":63,"column":25}}],"line":63},"4":{"loc":{"start":{"line":71,"column":2},"end":{"line":73,"column":3}},"type":"if","locations":[{"start":{"line":71,"column":2},"end":{"line":73,"column":3}},{"start":{},"end":{}}],"line":71},"5":{"loc":{"start":{"line":77,"column":2},"end":{"line":79,"column":3}},"type":"if","locations":[{"start":{"line":77,"column":2},"end":{"line":79,"column":3}},{"start":{},"end":{}}],"line":77}},"s":{"0":8,"1":8,"2":166,"3":166,"4":166,"5":0,"6":166,"7":8,"8":9,"9":9,"10":9,"11":3,"12":6,"13":6,"14":8,"15":169,"16":169,"17":2,"18":167,"19":167,"20":2,"21":165,"22":165,"23":2,"24":163,"25":8,"26":1,"27":1,"28":8,"29":1,"30":1},"f":{"0":166,"1":9,"2":169,"3":1,"4":1},"b":{"0":[0,166],"1":[9,9],"2":[2,167],"3":[169,169],"4":[2,165],"5":[2,163]},"_coverageSchema":"1a1c01bbd47fc00a2c39e90264f33305004495a9","hash":"7e162b8839f8393b4a558f5b58579a237ae42108"}
,"C:\\Users\\thana\\Desktop\\Chula_CEDT\\Year1_2\\SE_lab\\CozyHotel-SE-BE\\controllers\\availability.js": {"path":"C:\\Users\\thana\\Desktop\\Chula_CEDT\\Year1_2\\SE_lab\\CozyHotel-SE-BE\\controllers\\availability.js","statementMap":{"0":{"start":{"line":1,"column":17},"end":{"line":1,"column":46}},"1":{"start":{"line":2,"column":14},"end":{"line":2,"column":40}},"2":{"start":{"line":3,"column":16},"end":{"line":3,"column":44}},"3":{"start":{"line":6,"column":0},"end":{"line":70,"column":2}},"4":{"start":{"line":7,"column":2},"end":{"line":69,"column":3}},"5":{"start":{"line":8,"column":51},"end":{"line":8,"column":60}},"6":{"start":{"line":10,"column":4},"end":{"line":15,"column":5}},"7":{"start":{"line":11,"column":6},"end":{"line":14,"column":9}},"8":{"start":{"line":18,"column":22},"end":{"line":18,"column":43}},"9":{"start":{"line":19,"column":20},"end":{"line":19,"column":42}},"10":{"start":{"line":21,"column":4},"end":{"line":26,"column":5}},"11":{"start":{"line":22,"column":6},"end":{"line":25,"column":9}},"12":{"start":{"line":28,"column":4},"end":{"line":33,"column":5}},"13":{"start":{"line":29,"column":6},"end":{"line":32,"column":9}},"14":{"start":{"line":36,"column":22},"end":{"line":36,"column":54}},"15":{"start":{"line":38,"column":4},"end":{"line":43,"column":5}},"16":{"start":{"line":39,"column":6},"end":{"line":42,"column":9}},"17":{"start":{"line":46,"column":33},"end":{"line":48,"column":5}},"18":{"start":{"line":47,"column":6},"end":{"line":47,"column":73}},"19":{"start":{"line":50,"column":32},"end":{"line":50,"column":71}},"20":{"start":{"line":53,"column":31},"end":{"line":53,"column":87}},"21":{"start":{"line":53,"column":68},"end":{"line":53,"column":86}},"22":{"start":{"line":55,"column":4},"end":{"line":63,"column":7}},"23":{"start":{"line":65,"column":4},"end":{"line":68,"column":7}},"24":{"start":{"line":73,"column":0},"end":{"line":154,"column":2}},"25":{"start":{"line":74,"column":2},"end":{"line":153,"column":3}},"26":{"start":{"line":75,"column":42},"end":{"line":75,"column":51}},"27":{"start":{"line":77,"column":4},"end":{"line":82,"column":5}},"28":{"start":{"line":78,"column":6},"end":{"line":81,"column":9}},"29":{"start":{"line":85,"column":22},"end":{"line":85,"column":43}},"30":{"start":{"line":86,"column":20},"end":{"line":86,"column":42}},"31":{"start":{"line":88,"column":4},"end":{"line":93,"column":5}},"32":{"start":{"line":89,"column":6},"end":{"line":92,"column":9}},"33":{"start":{"line":95,"column":4},"end":{"line":100,"column":5}},"34":{"start":{"line":96,"column":6},"end":{"line":99,"column":9}},"35":{"start":{"line":103,"column":19},"end":{"line":103,"column":37}},"36":{"start":{"line":105,"column":4},"end":{"line":110,"column":5}},"37":{"start":{"line":106,"column":6},"end":{"line":109,"column":9}},"38":{"start":{"line":113,"column":38},"end":{"line":133,"column":6}},"39":{"start":{"line":115,"column":24},"end":{"line":115,"column":67}},"40":{"start":{"line":118,"column":43},"end":{"line":120,"column":7}},"41":{"start":{"line":119,"column":8},"end":{"line":119,"column":75}},"42":{"start":{"line":122,"column":35},"end":{"line":122,"column":82}},"43":{"start":{"line":124,"column":32},"end":{"line":124,"column":97}},"44":{"start":{"line":124,"column":68},"end":{"line":124,"column":96}},"45":{"start":{"line":126,"column":6},"end":{"line":132,"column":8}},"46":{"start":{"line":131,"column":66},"end":{"line":131,"column":94}},"47":{"start":{"line":135,"column":30},"end":{"line":135,"column":74}},"48":{"start":{"line":138,"column":28},"end":{"line":138,"column":86}},"49":{"start":{"line":138,"column":62},"end":{"line":138,"column":85}},"50":{"start":{"line":140,"column":4},"end":{"line":147,"column":7}},"51":{"start":{"line":149,"column":4},"end":{"line":152,"column":7}}},"fnMap":{"0":{"name":"(anonymous_0)","decl":{"start":{"line":6,"column":32},"end":{"line":6,"column":33}},"loc":{"start":{"line":6,"column":52},"end":{"line":70,"column":1}},"line":6},"1":{"name":"(anonymous_1)","decl":{"start":{"line":46,"column":47},"end":{"line":46,"column":48}},"loc":{"start":{"line":47,"column":6},"end":{"line":47,"column":73}},"line":47},"2":{"name":"(anonymous_2)","decl":{"start":{"line":53,"column":58},"end":{"line":53,"column":59}},"loc":{"start":{"line":53,"column":68},"end":{"line":53,"column":86}},"line":53},"3":{"name":"(anonymous_3)","decl":{"start":{"line":73,"column":29},"end":{"line":73,"column":30}},"loc":{"start":{"line":73,"column":49},"end":{"line":154,"column":1}},"line":73},"4":{"name":"(anonymous_4)","decl":{"start":{"line":113,"column":49},"end":{"line":113,"column":50}},"loc":{"start":{"line":113,"column":66},"end":{"line":133,"column":5}},"line":113},"5":{"name":"(anonymous_5)","decl":{"start":{"line":118,"column":57},"end":{"line":118,"column":58}},"loc":{"start":{"line":119,"column":8},"end":{"line":119,"column":75}},"line":119},"6":{"name":"(anonymous_6)","decl":{"start":{"line":124,"column":58},"end":{"line":124,"column":59}},"loc":{"start":{"line":124,"column":68},"end":{"line":124,"column":96}},"line":124},"7":{"name":"(anonymous_7)","decl":{"start":{"line":131,"column":56},"end":{"line":131,"column":57}},"loc":{"start":{"line":131,"column":66},"end":{"line":131,"column":94}},"line":131},"8":{"name":"(anonymous_8)","decl":{"start":{"line":138,"column":53},"end":{"line":138,"column":54}},"loc":{"start":{"line":138,"column":62},"end":{"line":138,"column":85}},"line":138}},"branchMap":{"0":{"loc":{"start":{"line":10,"column":4},"end":{"line":15,"column":5}},"type":"if","locations":[{"start":{"line":10,"column":4},"end":{"line":15,"column":5}},{"start":{},"end":{}}],"line":10},"1":{"loc":{"start":{"line":10,"column":8},"end":{"line":10,"column":49}},"type":"binary-expr","locations":[{"start":{"line":10,"column":8},"end":{"line":10,"column":16}},{"start":{"line":10,"column":20},"end":{"line":10,"column":32}},{"start":{"line":10,"column":36},"end":{"line":10,"column":49}}],"line":10},"2":{"loc":{"start":{"line":21,"column":4},"end":{"line":26,"column":5}},"type":"if","locations":[{"start":{"line":21,"column":4},"end":{"line":26,"column":5}},{"start":{},"end":{}}],"line":21},"3":{"loc":{"start":{"line":21,"column":8},"end":{"line":21,"column":62}},"type":"binary-expr","locations":[{"start":{"line":21,"column":8},"end":{"line":21,"column":34}},{"start":{"line":21,"column":38},"end":{"line":21,"column":62}}],"line":21},"4":{"loc":{"start":{"line":28,"column":4},"end":{"line":33,"column":5}},"type":"if","locations":[{"start":{"line":28,"column":4},"end":{"line":33,"column":5}},{"start":{},"end":{}}],"line":28},"5":{"loc":{"start":{"line":38,"column":4},"end":{"line":43,"column":5}},"type":"if","locations":[{"start":{"line":38,"column":4},"end":{"line":43,"column":5}},{"start":{},"end":{}}],"line":38},"6":{"loc":{"start":{"line":77,"column":4},"end":{"line":82,"column":5}},"type":"if","locations":[{"start":{"line":77,"column":4},"end":{"line":82,"column":5}},{"start":{},"end":{}}],"line":77},"7":{"loc":{"start":{"line":77,"column":8},"end":{"line":77,"column":37}},"type":"binary-expr","locations":[{"start":{"line":77,"column":8},"end":{"line":77,"column":20}},{"start":{"line":77,"column":24},"end":{"line":77,"column":37}}],"line":77},"8":{"loc":{"start":{"line":88,"column":4},"end":{"line":93,"column":5}},"type":"if","locations":[{"start":{"line":88,"column":4},"end":{"line":93,"column":5}},{"start":{},"end":{}}],"line":88},"9":{"loc":{"start":{"line":88,"column":8},"end":{"line":88,"column":62}},"type":"binary-expr","locations":[{"start":{"line":88,"column":8},"end":{"line":88,"column":34}},{"start":{"line":88,"column":38},"end":{"line":88,"column":62}}],"line":88},"10":{"loc":{"start":{"line":95,"column":4},"end":{"line":100,"column":5}},"type":"if","locations":[{"start":{"line":95,"column":4},"end":{"line":100,"column":5}},{"start":{},"end":{}}],"line":95},"11":{"loc":{"start":{"line":105,"column":4},"end":{"line":110,"column":5}},"type":"if","locations":[{"start":{"line":105,"column":4},"end":{"line":110,"column":5}},{"start":{},"end":{}}],"line":105}},"s":{"0":8,"1":8,"2":8,"3":8,"4":10,"5":10,"6":10,"7":2,"8":8,"9":8,"10":8,"11":2,"12":6,"13":1,"14":5,"15":4,"16":1,"17":3,"18":3,"19":3,"20":3,"21":3,"22":3,"23":1,"24":8,"25":11,"26":11,"27":11,"28":2,"29":9,"30":9,"31":9,"32":1,"33":8,"34":2,"35":6,"36":5,"37":1,"38":4,"39":5,"40":5,"41":5,"42":5,"43":5,"44":5,"45":5,"46":5,"47":4,"48":4,"49":5,"50":4,"51":1},"f":{"0":10,"1":3,"2":3,"3":11,"4":5,"5":5,"6":5,"7":5,"8":5},"b":{"0":[2,8],"1":[10,9,8],"2":[2,6],"3":[8,6],"4":[1,5],"5":[1,3],"6":[2,9],"7":[11,10],"8":[1,8],"9":[9,8],"10":[2,6],"11":[1,4]},"_coverageSchema":"1a1c01bbd47fc00a2c39e90264f33305004495a9","hash":"b104d2fce7e7732009083acbdca8ed1db78d3961"}
,"C:\\Users\\thana\\Desktop\\Chula_CEDT\\Year1_2\\SE_lab\\CozyHotel-SE-BE\\controllers\\bookings.js": {"path":"C:\\Users\\thana\\Desktop\\Chula_CEDT\\Year1_2\\SE_lab\\CozyHotel-SE-BE\\controllers\\bookings.js","statementMap":{"0":{"start":{"line":1,"column":16},"end":{"line":1,"column":44}},"1":{"start":{"line":2,"column":14},"end":{"line":2,"column":40}},"2":{"start":{"line":4,"column":0},"end":{"line":58,"column":1}},"3":{"start":{"line":8,"column":4},"end":{"line":44,"column":5}},"4":{"start":{"line":9,"column":8},"end":{"line":18,"column":11}},"5":{"start":{"line":20,"column":8},"end":{"line":43,"column":9}},"6":{"start":{"line":21,"column":12},"end":{"line":21,"column":44}},"7":{"start":{"line":22,"column":12},"end":{"line":31,"column":15}},"8":{"start":{"line":33,"column":12},"end":{"line":42,"column":15}},"9":{"start":{"line":46,"column":4},"end":{"line":57,"column":5}},"10":{"start":{"line":47,"column":25},"end":{"line":47,"column":36}},"11":{"start":{"line":49,"column":8},"end":{"line":53,"column":11}},"12":{"start":{"line":55,"column":8},"end":{"line":55,"column":27}},"13":{"start":{"line":56,"column":8},"end":{"line":56,"column":88}},"14":{"start":{"line":63,"column":0},"end":{"line":83,"column":2}},"15":{"start":{"line":64,"column":4},"end":{"line":82,"column":5}},"16":{"start":{"line":65,"column":24},"end":{"line":68,"column":10}},"17":{"start":{"line":70,"column":8},"end":{"line":72,"column":9}},"18":{"start":{"line":71,"column":12},"end":{"line":71,"column":116}},"19":{"start":{"line":74,"column":8},"end":{"line":77,"column":11}},"20":{"start":{"line":80,"column":8},"end":{"line":80,"column":27}},"21":{"start":{"line":81,"column":8},"end":{"line":81,"column":88}},"22":{"start":{"line":88,"column":0},"end":{"line":128,"column":1}},"23":{"start":{"line":89,"column":4},"end":{"line":127,"column":5}},"24":{"start":{"line":90,"column":8},"end":{"line":90,"column":44}},"25":{"start":{"line":92,"column":22},"end":{"line":92,"column":62}},"26":{"start":{"line":94,"column":8},"end":{"line":96,"column":9}},"27":{"start":{"line":95,"column":12},"end":{"line":95,"column":118}},"28":{"start":{"line":99,"column":8},"end":{"line":104,"column":9}},"29":{"start":{"line":100,"column":12},"end":{"line":103,"column":15}},"30":{"start":{"line":107,"column":32},"end":{"line":107,"column":73}},"31":{"start":{"line":110,"column":8},"end":{"line":114,"column":9}},"32":{"start":{"line":111,"column":12},"end":{"line":113,"column":15}},"33":{"start":{"line":116,"column":24},"end":{"line":116,"column":54}},"34":{"start":{"line":118,"column":8},"end":{"line":121,"column":10}},"35":{"start":{"line":123,"column":8},"end":{"line":123,"column":27}},"36":{"start":{"line":124,"column":8},"end":{"line":126,"column":11}},"37":{"start":{"line":133,"column":0},"end":{"line":157,"column":1}},"38":{"start":{"line":134,"column":4},"end":{"line":156,"column":5}},"39":{"start":{"line":135,"column":22},"end":{"line":135,"column":59}},"40":{"start":{"line":137,"column":8},"end":{"line":139,"column":9}},"41":{"start":{"line":138,"column":12},"end":{"line":138,"column":115}},"42":{"start":{"line":141,"column":8},"end":{"line":144,"column":10}},"43":{"start":{"line":146,"column":8},"end":{"line":149,"column":10}},"44":{"start":{"line":151,"column":8},"end":{"line":151,"column":27}},"45":{"start":{"line":152,"column":8},"end":{"line":155,"column":11}},"46":{"start":{"line":162,"column":0},"end":{"line":189,"column":2}},"47":{"start":{"line":163,"column":4},"end":{"line":188,"column":5}},"48":{"start":{"line":164,"column":24},"end":{"line":164,"column":61}},"49":{"start":{"line":166,"column":8},"end":{"line":168,"column":9}},"50":{"start":{"line":167,"column":12},"end":{"line":167,"column":115}},"51":{"start":{"line":171,"column":8},"end":{"line":176,"column":9}},"52":{"start":{"line":172,"column":12},"end":{"line":175,"column":15}},"53":{"start":{"line":178,"column":8},"end":{"line":178,"column":34}},"54":{"start":{"line":180,"column":8},"end":{"line":183,"column":11}},"55":{"start":{"line":186,"column":8},"end":{"line":186,"column":27}},"56":{"start":{"line":187,"column":8},"end":{"line":187,"column":90}}},"fnMap":{"0":{"name":"(anonymous_0)","decl":{"start":{"line":4,"column":22},"end":{"line":4,"column":23}},"loc":{"start":{"line":4,"column":48},"end":{"line":58,"column":1}},"line":4},"1":{"name":"(anonymous_1)","decl":{"start":{"line":63,"column":21},"end":{"line":63,"column":22}},"loc":{"start":{"line":63,"column":47},"end":{"line":83,"column":1}},"line":63},"2":{"name":"(anonymous_2)","decl":{"start":{"line":88,"column":21},"end":{"line":88,"column":22}},"loc":{"start":{"line":88,"column":47},"end":{"line":128,"column":1}},"line":88},"3":{"name":"(anonymous_3)","decl":{"start":{"line":133,"column":24},"end":{"line":133,"column":25}},"loc":{"start":{"line":133,"column":50},"end":{"line":157,"column":1}},"line":133},"4":{"name":"(anonymous_4)","decl":{"start":{"line":162,"column":24},"end":{"line":162,"column":25}},"loc":{"start":{"line":162,"column":50},"end":{"line":189,"column":1}},"line":162}},"branchMap":{"0":{"loc":{"start":{"line":8,"column":4},"end":{"line":44,"column":5}},"type":"if","locations":[{"start":{"line":8,"column":4},"end":{"line":44,"column":5}},{"start":{"line":19,"column":11},"end":{"line":44,"column":5}}],"line":8},"1":{"loc":{"start":{"line":20,"column":8},"end":{"line":43,"column":9}},"type":"if","locations":[{"start":{"line":20,"column":8},"end":{"line":43,"column":9}},{"start":{"line":32,"column":15},"end":{"line":43,"column":9}}],"line":20},"2":{"loc":{"start":{"line":70,"column":8},"end":{"line":72,"column":9}},"type":"if","locations":[{"start":{"line":70,"column":8},"end":{"line":72,"column":9}},{"start":{},"end":{}}],"line":70},"3":{"loc":{"start":{"line":94,"column":8},"end":{"line":96,"column":9}},"type":"if","locations":[{"start":{"line":94,"column":8},"end":{"line":96,"column":9}},{"start":{},"end":{}}],"line":94},"4":{"loc":{"start":{"line":99,"column":8},"end":{"line":104,"column":9}},"type":"if","locations":[{"start":{"line":99,"column":8},"end":{"line":104,"column":9}},{"start":{},"end":{}}],"line":99},"5":{"loc":{"start":{"line":99,"column":12},"end":{"line":99,"column":69}},"type":"binary-expr","locations":[{"start":{"line":99,"column":12},"end":{"line":99,"column":41}},{"start":{"line":99,"column":45},"end":{"line":99,"column":69}}],"line":99},"6":{"loc":{"start":{"line":110,"column":8},"end":{"line":114,"column":9}},"type":"if","locations":[{"start":{"line":110,"column":8},"end":{"line":114,"column":9}},{"start":{},"end":{}}],"line":110},"7":{"loc":{"start":{"line":110,"column":12},"end":{"line":110,"column":68}},"type":"binary-expr","locations":[{"start":{"line":110,"column":12},"end":{"line":110,"column":39}},{"start":{"line":110,"column":43},"end":{"line":110,"column":68}}],"line":110},"8":{"loc":{"start":{"line":137,"column":8},"end":{"line":139,"column":9}},"type":"if","locations":[{"start":{"line":137,"column":8},"end":{"line":139,"column":9}},{"start":{},"end":{}}],"line":137},"9":{"loc":{"start":{"line":166,"column":8},"end":{"line":168,"column":9}},"type":"if","locations":[{"start":{"line":166,"column":8},"end":{"line":168,"column":9}},{"start":{},"end":{}}],"line":166},"10":{"loc":{"start":{"line":171,"column":8},"end":{"line":176,"column":9}},"type":"if","locations":[{"start":{"line":171,"column":8},"end":{"line":176,"column":9}},{"start":{},"end":{}}],"line":171},"11":{"loc":{"start":{"line":171,"column":12},"end":{"line":171,"column":80}},"type":"binary-expr","locations":[{"start":{"line":171,"column":12},"end":{"line":171,"column":51}},{"start":{"line":171,"column":55},"end":{"line":171,"column":80}}],"line":171}},"s":{"0":8,"1":8,"2":8,"3":5,"4":2,"5":3,"6":2,"7":2,"8":1,"9":5,"10":5,"11":5,"12":0,"13":0,"14":8,"15":4,"16":4,"17":2,"18":1,"19":1,"20":2,"21":2,"22":8,"23":11,"24":11,"25":11,"26":11,"27":2,"28":9,"29":2,"30":7,"31":7,"32":2,"33":5,"34":4,"35":1,"36":1,"37":8,"38":8,"39":8,"40":7,"41":2,"42":5,"43":3,"44":3,"45":3,"46":8,"47":8,"48":8,"49":7,"50":2,"51":5,"52":1,"53":4,"54":3,"55":2,"56":2},"f":{"0":5,"1":4,"2":11,"3":8,"4":8},"b":{"0":[2,3],"1":[2,1],"2":[1,1],"3":[2,9],"4":[2,7],"5":[9,4],"6":[2,5],"7":[7,3],"8":[2,5],"9":[2,5],"10":[1,4],"11":[5,2]},"_coverageSchema":"1a1c01bbd47fc00a2c39e90264f33305004495a9","hash":"aa9152ba435198e8b7f053ec7afb1ceb28e0fe39"}
,"C:\\Users\\thana\\Desktop\\Chula_CEDT\\Year1_2\\SE_lab\\CozyHotel-SE-BE\\controllers\\hotels.js": {"path":"C:\\Users\\thana\\Desktop\\Chula_CEDT\\Year1_2\\SE_lab\\CozyHotel-SE-BE\\controllers\\hotels.js","statementMap":{"0":{"start":{"line":1,"column":18},"end":{"line":1,"column":36}},"1":{"start":{"line":2,"column":14},"end":{"line":2,"column":40}},"2":{"start":{"line":3,"column":16},"end":{"line":3,"column":44}},"3":{"start":{"line":4,"column":17},"end":{"line":4,"column":46}},"4":{"start":{"line":5,"column":17},"end":{"line":5,"column":36}},"5":{"start":{"line":10,"column":0},"end":{"line":48,"column":2}},"6":{"start":{"line":11,"column":4},"end":{"line":47,"column":5}},"7":{"start":{"line":13,"column":21},"end":{"line":13,"column":54}},"8":{"start":{"line":14,"column":22},"end":{"line":14,"column":52}},"9":{"start":{"line":15,"column":27},"end":{"line":15,"column":45}},"10":{"start":{"line":18,"column":22},"end":{"line":18,"column":50}},"11":{"start":{"line":21,"column":20},"end":{"line":21,"column":32}},"12":{"start":{"line":24,"column":8},"end":{"line":24,"column":52}},"13":{"start":{"line":27,"column":23},"end":{"line":27,"column":34}},"14":{"start":{"line":30,"column":8},"end":{"line":40,"column":11}},"15":{"start":{"line":42,"column":8},"end":{"line":42,"column":50}},"16":{"start":{"line":43,"column":8},"end":{"line":46,"column":11}},"17":{"start":{"line":53,"column":0},"end":{"line":75,"column":2}},"18":{"start":{"line":54,"column":4},"end":{"line":74,"column":5}},"19":{"start":{"line":55,"column":22},"end":{"line":55,"column":57}},"20":{"start":{"line":57,"column":8},"end":{"line":62,"column":9}},"21":{"start":{"line":58,"column":12},"end":{"line":61,"column":15}},"22":{"start":{"line":64,"column":8},"end":{"line":67,"column":11}},"23":{"start":{"line":69,"column":8},"end":{"line":69,"column":49}},"24":{"start":{"line":70,"column":8},"end":{"line":73,"column":11}},"25":{"start":{"line":81,"column":0},"end":{"line":113,"column":2}},"26":{"start":{"line":82,"column":4},"end":{"line":112,"column":5}},"27":{"start":{"line":83,"column":22},"end":{"line":83,"column":66}},"28":{"start":{"line":85,"column":8},"end":{"line":90,"column":9}},"29":{"start":{"line":86,"column":12},"end":{"line":89,"column":15}},"30":{"start":{"line":92,"column":22},"end":{"line":92,"column":50}},"31":{"start":{"line":93,"column":8},"end":{"line":96,"column":11}},"32":{"start":{"line":98,"column":8},"end":{"line":98,"column":52}},"33":{"start":{"line":99,"column":8},"end":{"line":111,"column":9}},"34":{"start":{"line":100,"column":34},"end":{"line":100,"column":87}},"35":{"start":{"line":100,"column":73},"end":{"line":100,"column":86}},"36":{"start":{"line":101,"column":28},"end":{"line":101,"column":52}},"37":{"start":{"line":102,"column":12},"end":{"line":105,"column":15}},"38":{"start":{"line":107,"column":12},"end":{"line":110,"column":15}},"39":{"start":{"line":118,"column":0},"end":{"line":152,"column":2}},"40":{"start":{"line":119,"column":4},"end":{"line":151,"column":5}},"41":{"start":{"line":120,"column":22},"end":{"line":123,"column":10}},"42":{"start":{"line":125,"column":8},"end":{"line":130,"column":9}},"43":{"start":{"line":126,"column":12},"end":{"line":129,"column":15}},"44":{"start":{"line":132,"column":8},"end":{"line":135,"column":11}},"45":{"start":{"line":137,"column":8},"end":{"line":137,"column":52}},"46":{"start":{"line":138,"column":8},"end":{"line":150,"column":9}},"47":{"start":{"line":139,"column":34},"end":{"line":139,"column":87}},"48":{"start":{"line":139,"column":73},"end":{"line":139,"column":86}},"49":{"start":{"line":140,"column":28},"end":{"line":140,"column":52}},"50":{"start":{"line":141,"column":12},"end":{"line":144,"column":15}},"51":{"start":{"line":146,"column":12},"end":{"line":149,"column":15}},"52":{"start":{"line":158,"column":0},"end":{"line":187,"column":2}},"53":{"start":{"line":159,"column":4},"end":{"line":186,"column":5}},"54":{"start":{"line":160,"column":22},"end":{"line":160,"column":57}},"55":{"start":{"line":162,"column":8},"end":{"line":167,"column":9}},"56":{"start":{"line":163,"column":12},"end":{"line":166,"column":15}},"57":{"start":{"line":170,"column":8},"end":{"line":170,"column":59}},"58":{"start":{"line":171,"column":8},"end":{"line":171,"column":60}},"59":{"start":{"line":174,"column":8},"end":{"line":174,"column":54}},"60":{"start":{"line":176,"column":8},"end":{"line":179,"column":11}},"61":{"start":{"line":181,"column":8},"end":{"line":181,"column":52}},"62":{"start":{"line":182,"column":8},"end":{"line":185,"column":11}}},"fnMap":{"0":{"name":"(anonymous_0)","decl":{"start":{"line":10,"column":20},"end":{"line":10,"column":21}},"loc":{"start":{"line":10,"column":46},"end":{"line":48,"column":1}},"line":10},"1":{"name":"(anonymous_1)","decl":{"start":{"line":53,"column":19},"end":{"line":53,"column":20}},"loc":{"start":{"line":53,"column":45},"end":{"line":75,"column":1}},"line":53},"2":{"name":"(anonymous_2)","decl":{"start":{"line":81,"column":22},"end":{"line":81,"column":23}},"loc":{"start":{"line":81,"column":48},"end":{"line":113,"column":1}},"line":81},"3":{"name":"(anonymous_3)","decl":{"start":{"line":100,"column":64},"end":{"line":100,"column":65}},"loc":{"start":{"line":100,"column":73},"end":{"line":100,"column":86}},"line":100},"4":{"name":"(anonymous_4)","decl":{"start":{"line":118,"column":22},"end":{"line":118,"column":23}},"loc":{"start":{"line":118,"column":48},"end":{"line":152,"column":1}},"line":118},"5":{"name":"(anonymous_5)","decl":{"start":{"line":139,"column":64},"end":{"line":139,"column":65}},"loc":{"start":{"line":139,"column":73},"end":{"line":139,"column":86}},"line":139},"6":{"name":"(anonymous_6)","decl":{"start":{"line":158,"column":22},"end":{"line":158,"column":23}},"loc":{"start":{"line":158,"column":48},"end":{"line":187,"column":1}},"line":158}},"branchMap":{"0":{"loc":{"start":{"line":13,"column":21},"end":{"line":13,"column":54}},"type":"binary-expr","locations":[{"start":{"line":13,"column":21},"end":{"line":13,"column":49}},{"start":{"line":13,"column":53},"end":{"line":13,"column":54}}],"line":13},"1":{"loc":{"start":{"line":14,"column":22},"end":{"line":14,"column":52}},"type":"binary-expr","locations":[{"start":{"line":14,"column":22},"end":{"line":14,"column":47}},{"start":{"line":14,"column":51},"end":{"line":14,"column":52}}],"line":14},"2":{"loc":{"start":{"line":57,"column":8},"end":{"line":62,"column":9}},"type":"if","locations":[{"start":{"line":57,"column":8},"end":{"line":62,"column":9}},{"start":{},"end":{}}],"line":57},"3":{"loc":{"start":{"line":85,"column":8},"end":{"line":90,"column":9}},"type":"if","locations":[{"start":{"line":85,"column":8},"end":{"line":90,"column":9}},{"start":{},"end":{}}],"line":85},"4":{"loc":{"start":{"line":99,"column":8},"end":{"line":111,"column":9}},"type":"if","locations":[{"start":{"line":99,"column":8},"end":{"line":111,"column":9}},{"start":{"line":106,"column":15},"end":{"line":111,"column":9}}],"line":99},"5":{"loc":{"start":{"line":125,"column":8},"end":{"line":130,"column":9}},"type":"if","locations":[{"start":{"line":125,"column":8},"end":{"line":130,"column":9}},{"start":{},"end":{}}],"line":125},"6":{"loc":{"start":{"line":138,"column":8},"end":{"line":150,"column":9}},"type":"if","locations":[{"start":{"line":138,"column":8},"end":{"line":150,"column":9}},{"start":{"line":145,"column":15},"end":{"line":150,"column":9}}],"line":138},"7":{"loc":{"start":{"line":162,"column":8},"end":{"line":167,"column":9}},"type":"if","locations":[{"start":{"line":162,"column":8},"end":{"line":167,"column":9}},{"start":{},"end":{}}],"line":162}},"s":{"0":8,"1":8,"2":8,"3":8,"4":8,"5":8,"6":6,"7":6,"8":6,"9":6,"10":6,"11":5,"12":5,"13":5,"14":5,"15":1,"16":1,"17":8,"18":5,"19":5,"20":4,"21":2,"22":2,"23":1,"24":1,"25":8,"26":6,"27":6,"28":6,"29":2,"30":4,"31":2,"32":2,"33":2,"34":1,"35":6,"36":1,"37":1,"38":1,"39":8,"40":5,"41":5,"42":3,"43":1,"44":2,"45":2,"46":2,"47":1,"48":1,"49":1,"50":1,"51":1,"52":8,"53":5,"54":5,"55":4,"56":2,"57":2,"58":2,"59":2,"60":2,"61":1,"62":1},"f":{"0":6,"1":5,"2":6,"3":6,"4":5,"5":1,"6":5},"b":{"0":[6,5],"1":[6,5],"2":[2,2],"3":[2,4],"4":[1,1],"5":[1,2],"6":[1,1],"7":[2,2]},"_coverageSchema":"1a1c01bbd47fc00a2c39e90264f33305004495a9","hash":"adf594682f3ca4b076e9858f85657680c1b1feee"}
,"C:\\Users\\thana\\Desktop\\Chula_CEDT\\Year1_2\\SE_lab\\CozyHotel-SE-BE\\controllers\\manager.js": {"path":"C:\\Users\\thana\\Desktop\\Chula_CEDT\\Year1_2\\SE_lab\\CozyHotel-SE-BE\\controllers\\manager.js","statementMap":{"0":{"start":{"line":1,"column":14},"end":{"line":1,"column":40}},"1":{"start":{"line":2,"column":16},"end":{"line":2,"column":44}},"2":{"start":{"line":3,"column":17},"end":{"line":3,"column":46}},"3":{"start":{"line":4,"column":13},"end":{"line":4,"column":38}},"4":{"start":{"line":9,"column":0},"end":{"line":23,"column":2}},"5":{"start":{"line":10,"column":4},"end":{"line":22,"column":5}},"6":{"start":{"line":11,"column":24},"end":{"line":11,"column":82}},"7":{"start":{"line":13,"column":8},"end":{"line":16,"column":11}},"8":{"start":{"line":18,"column":8},"end":{"line":21,"column":11}},"9":{"start":{"line":28,"column":0},"end":{"line":44,"column":2}},"10":{"start":{"line":29,"column":4},"end":{"line":43,"column":5}},"11":{"start":{"line":30,"column":25},"end":{"line":32,"column":33}},"12":{"start":{"line":34,"column":8},"end":{"line":37,"column":11}},"13":{"start":{"line":39,"column":8},"end":{"line":42,"column":11}},"14":{"start":{"line":49,"column":0},"end":{"line":63,"column":2}},"15":{"start":{"line":50,"column":4},"end":{"line":62,"column":5}},"16":{"start":{"line":51,"column":26},"end":{"line":51,"column":78}},"17":{"start":{"line":53,"column":8},"end":{"line":56,"column":11}},"18":{"start":{"line":58,"column":8},"end":{"line":61,"column":11}},"19":{"start":{"line":68,"column":0},"end":{"line":83,"column":2}},"20":{"start":{"line":69,"column":4},"end":{"line":82,"column":5}},"21":{"start":{"line":70,"column":8},"end":{"line":70,"column":46}},"22":{"start":{"line":71,"column":25},"end":{"line":71,"column":56}},"23":{"start":{"line":73,"column":8},"end":{"line":76,"column":11}},"24":{"start":{"line":78,"column":8},"end":{"line":81,"column":11}},"25":{"start":{"line":88,"column":0},"end":{"line":127,"column":2}},"26":{"start":{"line":89,"column":4},"end":{"line":126,"column":5}},"27":{"start":{"line":90,"column":25},"end":{"line":90,"column":63}},"28":{"start":{"line":92,"column":8},"end":{"line":97,"column":9}},"29":{"start":{"line":93,"column":12},"end":{"line":96,"column":15}},"30":{"start":{"line":100,"column":24},"end":{"line":100,"column":56}},"31":{"start":{"line":101,"column":8},"end":{"line":106,"column":9}},"32":{"start":{"line":102,"column":12},"end":{"line":105,"column":15}},"33":{"start":{"line":108,"column":32},"end":{"line":115,"column":9}},"34":{"start":{"line":117,"column":8},"end":{"line":120,"column":11}},"35":{"start":{"line":122,"column":8},"end":{"line":125,"column":11}},"36":{"start":{"line":132,"column":0},"end":{"line":164,"column":2}},"37":{"start":{"line":133,"column":4},"end":{"line":163,"column":5}},"38":{"start":{"line":134,"column":25},"end":{"line":134,"column":63}},"39":{"start":{"line":136,"column":8},"end":{"line":141,"column":9}},"40":{"start":{"line":137,"column":12},"end":{"line":140,"column":15}},"41":{"start":{"line":144,"column":24},"end":{"line":144,"column":56}},"42":{"start":{"line":145,"column":8},"end":{"line":150,"column":9}},"43":{"start":{"line":146,"column":12},"end":{"line":149,"column":15}},"44":{"start":{"line":152,"column":8},"end":{"line":152,"column":35}},"45":{"start":{"line":154,"column":8},"end":{"line":157,"column":11}},"46":{"start":{"line":159,"column":8},"end":{"line":162,"column":11}},"47":{"start":{"line":169,"column":0},"end":{"line":209,"column":2}},"48":{"start":{"line":170,"column":4},"end":{"line":208,"column":5}},"49":{"start":{"line":171,"column":24},"end":{"line":171,"column":61}},"50":{"start":{"line":173,"column":8},"end":{"line":178,"column":9}},"51":{"start":{"line":174,"column":12},"end":{"line":177,"column":15}},"52":{"start":{"line":181,"column":24},"end":{"line":181,"column":56}},"53":{"start":{"line":182,"column":8},"end":{"line":187,"column":9}},"54":{"start":{"line":183,"column":12},"end":{"line":186,"column":15}},"55":{"start":{"line":190,"column":31},"end":{"line":197,"column":61}},"56":{"start":{"line":199,"column":8},"end":{"line":202,"column":11}},"57":{"start":{"line":204,"column":8},"end":{"line":207,"column":11}},"58":{"start":{"line":214,"column":0},"end":{"line":254,"column":2}},"59":{"start":{"line":215,"column":4},"end":{"line":253,"column":5}},"60":{"start":{"line":216,"column":22},"end":{"line":216,"column":62}},"61":{"start":{"line":218,"column":8},"end":{"line":223,"column":9}},"62":{"start":{"line":219,"column":12},"end":{"line":222,"column":15}},"63":{"start":{"line":226,"column":24},"end":{"line":226,"column":56}},"64":{"start":{"line":227,"column":8},"end":{"line":232,"column":9}},"65":{"start":{"line":228,"column":12},"end":{"line":231,"column":15}},"66":{"start":{"line":235,"column":29},"end":{"line":242,"column":9}},"67":{"start":{"line":244,"column":8},"end":{"line":247,"column":11}},"68":{"start":{"line":249,"column":8},"end":{"line":252,"column":11}},"69":{"start":{"line":259,"column":0},"end":{"line":292,"column":2}},"70":{"start":{"line":260,"column":4},"end":{"line":291,"column":5}},"71":{"start":{"line":261,"column":24},"end":{"line":261,"column":61}},"72":{"start":{"line":263,"column":8},"end":{"line":268,"column":9}},"73":{"start":{"line":264,"column":12},"end":{"line":267,"column":15}},"74":{"start":{"line":271,"column":24},"end":{"line":271,"column":56}},"75":{"start":{"line":272,"column":8},"end":{"line":277,"column":9}},"76":{"start":{"line":273,"column":12},"end":{"line":276,"column":15}},"77":{"start":{"line":280,"column":8},"end":{"line":280,"column":34}},"78":{"start":{"line":282,"column":8},"end":{"line":285,"column":11}},"79":{"start":{"line":287,"column":8},"end":{"line":290,"column":11}}},"fnMap":{"0":{"name":"(anonymous_0)","decl":{"start":{"line":9,"column":27},"end":{"line":9,"column":28}},"loc":{"start":{"line":9,"column":53},"end":{"line":23,"column":1}},"line":9},"1":{"name":"(anonymous_1)","decl":{"start":{"line":28,"column":27},"end":{"line":28,"column":28}},"loc":{"start":{"line":28,"column":53},"end":{"line":44,"column":1}},"line":28},"2":{"name":"(anonymous_2)","decl":{"start":{"line":49,"column":28},"end":{"line":49,"column":29}},"loc":{"start":{"line":49,"column":54},"end":{"line":63,"column":1}},"line":49},"3":{"name":"(anonymous_3)","decl":{"start":{"line":68,"column":25},"end":{"line":68,"column":26}},"loc":{"start":{"line":68,"column":51},"end":{"line":83,"column":1}},"line":68},"4":{"name":"(anonymous_4)","decl":{"start":{"line":88,"column":25},"end":{"line":88,"column":26}},"loc":{"start":{"line":88,"column":51},"end":{"line":127,"column":1}},"line":88},"5":{"name":"(anonymous_5)","decl":{"start":{"line":132,"column":25},"end":{"line":132,"column":26}},"loc":{"start":{"line":132,"column":51},"end":{"line":164,"column":1}},"line":132},"6":{"name":"(anonymous_6)","decl":{"start":{"line":169,"column":24},"end":{"line":169,"column":25}},"loc":{"start":{"line":169,"column":50},"end":{"line":209,"column":1}},"line":169},"7":{"name":"(anonymous_7)","decl":{"start":{"line":214,"column":22},"end":{"line":214,"column":23}},"loc":{"start":{"line":214,"column":48},"end":{"line":254,"column":1}},"line":214},"8":{"name":"(anonymous_8)","decl":{"start":{"line":259,"column":24},"end":{"line":259,"column":25}},"loc":{"start":{"line":259,"column":50},"end":{"line":292,"column":1}},"line":259}},"branchMap":{"0":{"loc":{"start":{"line":92,"column":8},"end":{"line":97,"column":9}},"type":"if","locations":[{"start":{"line":92,"column":8},"end":{"line":97,"column":9}},{"start":{},"end":{}}],"line":92},"1":{"loc":{"start":{"line":101,"column":8},"end":{"line":106,"column":9}},"type":"if","locations":[{"start":{"line":101,"column":8},"end":{"line":106,"column":9}},{"start":{},"end":{}}],"line":101},"2":{"loc":{"start":{"line":136,"column":8},"end":{"line":141,"column":9}},"type":"if","locations":[{"start":{"line":136,"column":8},"end":{"line":141,"column":9}},{"start":{},"end":{}}],"line":136},"3":{"loc":{"start":{"line":145,"column":8},"end":{"line":150,"column":9}},"type":"if","locations":[{"start":{"line":145,"column":8},"end":{"line":150,"column":9}},{"start":{},"end":{}}],"line":145},"4":{"loc":{"start":{"line":173,"column":8},"end":{"line":178,"column":9}},"type":"if","locations":[{"start":{"line":173,"column":8},"end":{"line":178,"column":9}},{"start":{},"end":{}}],"line":173},"5":{"loc":{"start":{"line":182,"column":8},"end":{"line":187,"column":9}},"type":"if","locations":[{"start":{"line":182,"column":8},"end":{"line":187,"column":9}},{"start":{},"end":{}}],"line":182},"6":{"loc":{"start":{"line":218,"column":8},"end":{"line":223,"column":9}},"type":"if","locations":[{"start":{"line":218,"column":8},"end":{"line":223,"column":9}},{"start":{},"end":{}}],"line":218},"7":{"loc":{"start":{"line":227,"column":8},"end":{"line":232,"column":9}},"type":"if","locations":[{"start":{"line":227,"column":8},"end":{"line":232,"column":9}},{"start":{},"end":{}}],"line":227},"8":{"loc":{"start":{"line":263,"column":8},"end":{"line":268,"column":9}},"type":"if","locations":[{"start":{"line":263,"column":8},"end":{"line":268,"column":9}},{"start":{},"end":{}}],"line":263},"9":{"loc":{"start":{"line":272,"column":8},"end":{"line":277,"column":9}},"type":"if","locations":[{"start":{"line":272,"column":8},"end":{"line":277,"column":9}},{"start":{},"end":{}}],"line":272}},"s":{"0":8,"1":8,"2":8,"3":8,"4":8,"5":5,"6":5,"7":4,"8":1,"9":8,"10":3,"11":3,"12":2,"13":1,"14":8,"15":4,"16":4,"17":3,"18":1,"19":8,"20":3,"21":3,"22":3,"23":2,"24":1,"25":8,"26":9,"27":9,"28":8,"29":2,"30":6,"31":6,"32":3,"33":3,"34":3,"35":1,"36":8,"37":9,"38":9,"39":8,"40":2,"41":6,"42":6,"43":3,"44":3,"45":3,"46":1,"47":8,"48":6,"49":6,"50":5,"51":1,"52":4,"53":4,"54":2,"55":2,"56":2,"57":1,"58":8,"59":4,"60":4,"61":3,"62":1,"63":2,"64":2,"65":1,"66":1,"67":1,"68":1,"69":8,"70":6,"71":6,"72":5,"73":1,"74":4,"75":4,"76":2,"77":2,"78":2,"79":1},"f":{"0":5,"1":3,"2":4,"3":3,"4":9,"5":9,"6":6,"7":4,"8":6},"b":{"0":[2,6],"1":[3,3],"2":[2,6],"3":[3,3],"4":[1,4],"5":[2,2],"6":[1,2],"7":[1,1],"8":[1,4],"9":[2,2]},"_coverageSchema":"1a1c01bbd47fc00a2c39e90264f33305004495a9","hash":"f7f329a03c30979a91ba30fe5df2c2ba39979dca"}
,"C:\\Users\\thana\\Desktop\\Chula_CEDT\\Year1_2\\SE_lab\\CozyHotel-SE-BE\\controllers\\roomTypes.js": {"path":"C:\\Users\\thana\\Desktop\\Chula_CEDT\\Year1_2\\SE_lab\\CozyHotel-SE-BE\\controllers\\roomTypes.js","statementMap":{"0":{"start":{"line":1,"column":17},"end":{"line":1,"column":46}},"1":{"start":{"line":2,"column":16},"end":{"line":2,"column":44}},"2":{"start":{"line":6,"column":0},"end":{"line":14,"column":2}},"3":{"start":{"line":7,"column":2},"end":{"line":13,"column":3}},"4":{"start":{"line":8,"column":22},"end":{"line":8,"column":43}},"5":{"start":{"line":9,"column":4},"end":{"line":9,"column":61}},"6":{"start":{"line":11,"column":4},"end":{"line":11,"column":23}},"7":{"start":{"line":12,"column":4},"end":{"line":12,"column":70}},"8":{"start":{"line":19,"column":0},"end":{"line":32,"column":2}},"9":{"start":{"line":20,"column":2},"end":{"line":31,"column":3}},"10":{"start":{"line":21,"column":21},"end":{"line":21,"column":59}},"11":{"start":{"line":22,"column":4},"end":{"line":26,"column":5}},"12":{"start":{"line":23,"column":6},"end":{"line":25,"column":65}},"13":{"start":{"line":27,"column":4},"end":{"line":27,"column":60}},"14":{"start":{"line":29,"column":4},"end":{"line":29,"column":23}},"15":{"start":{"line":30,"column":4},"end":{"line":30,"column":70}},"16":{"start":{"line":37,"column":0},"end":{"line":45,"column":2}},"17":{"start":{"line":38,"column":2},"end":{"line":44,"column":3}},"18":{"start":{"line":39,"column":21},"end":{"line":39,"column":52}},"19":{"start":{"line":40,"column":4},"end":{"line":40,"column":60}},"20":{"start":{"line":42,"column":4},"end":{"line":42,"column":23}},"21":{"start":{"line":43,"column":4},"end":{"line":43,"column":70}},"22":{"start":{"line":50,"column":0},"end":{"line":72,"column":2}},"23":{"start":{"line":51,"column":2},"end":{"line":71,"column":3}},"24":{"start":{"line":52,"column":21},"end":{"line":55,"column":6}},"25":{"start":{"line":56,"column":4},"end":{"line":60,"column":5}},"26":{"start":{"line":57,"column":6},"end":{"line":59,"column":65}},"27":{"start":{"line":61,"column":4},"end":{"line":61,"column":60}},"28":{"start":{"line":63,"column":4},"end":{"line":63,"column":23}},"29":{"start":{"line":64,"column":4},"end":{"line":69,"column":5}},"30":{"start":{"line":65,"column":6},"end":{"line":68,"column":9}},"31":{"start":{"line":70,"column":4},"end":{"line":70,"column":70}},"32":{"start":{"line":77,"column":0},"end":{"line":95,"column":2}},"33":{"start":{"line":78,"column":2},"end":{"line":94,"column":3}},"34":{"start":{"line":79,"column":21},"end":{"line":79,"column":59}},"35":{"start":{"line":81,"column":4},"end":{"line":85,"column":5}},"36":{"start":{"line":82,"column":6},"end":{"line":84,"column":65}},"37":{"start":{"line":87,"column":4},"end":{"line":87,"column":58}},"38":{"start":{"line":88,"column":4},"end":{"line":88,"column":53}},"39":{"start":{"line":90,"column":4},"end":{"line":90,"column":54}},"40":{"start":{"line":92,"column":4},"end":{"line":92,"column":23}},"41":{"start":{"line":93,"column":4},"end":{"line":93,"column":70}},"42":{"start":{"line":100,"column":0},"end":{"line":123,"column":2}},"43":{"start":{"line":101,"column":2},"end":{"line":122,"column":3}},"44":{"start":{"line":102,"column":22},"end":{"line":102,"column":74}},"45":{"start":{"line":104,"column":4},"end":{"line":109,"column":5}},"46":{"start":{"line":105,"column":6},"end":{"line":108,"column":9}},"47":{"start":{"line":111,"column":4},"end":{"line":115,"column":7}},"48":{"start":{"line":117,"column":4},"end":{"line":117,"column":23}},"49":{"start":{"line":118,"column":4},"end":{"line":121,"column":7}}},"fnMap":{"0":{"name":"(anonymous_0)","decl":{"start":{"line":6,"column":23},"end":{"line":6,"column":24}},"loc":{"start":{"line":6,"column":43},"end":{"line":14,"column":1}},"line":6},"1":{"name":"(anonymous_1)","decl":{"start":{"line":19,"column":22},"end":{"line":19,"column":23}},"loc":{"start":{"line":19,"column":42},"end":{"line":32,"column":1}},"line":19},"2":{"name":"(anonymous_2)","decl":{"start":{"line":37,"column":25},"end":{"line":37,"column":26}},"loc":{"start":{"line":37,"column":45},"end":{"line":45,"column":1}},"line":37},"3":{"name":"(anonymous_3)","decl":{"start":{"line":50,"column":25},"end":{"line":50,"column":26}},"loc":{"start":{"line":50,"column":45},"end":{"line":72,"column":1}},"line":50},"4":{"name":"(anonymous_4)","decl":{"start":{"line":77,"column":25},"end":{"line":77,"column":26}},"loc":{"start":{"line":77,"column":45},"end":{"line":95,"column":1}},"line":77},"5":{"name":"(anonymous_5)","decl":{"start":{"line":100,"column":32},"end":{"line":100,"column":33}},"loc":{"start":{"line":100,"column":52},"end":{"line":123,"column":1}},"line":100}},"branchMap":{"0":{"loc":{"start":{"line":22,"column":4},"end":{"line":26,"column":5}},"type":"if","locations":[{"start":{"line":22,"column":4},"end":{"line":26,"column":5}},{"start":{},"end":{}}],"line":22},"1":{"loc":{"start":{"line":56,"column":4},"end":{"line":60,"column":5}},"type":"if","locations":[{"start":{"line":56,"column":4},"end":{"line":60,"column":5}},{"start":{},"end":{}}],"line":56},"2":{"loc":{"start":{"line":64,"column":4},"end":{"line":69,"column":5}},"type":"if","locations":[{"start":{"line":64,"column":4},"end":{"line":69,"column":5}},{"start":{},"end":{}}],"line":64},"3":{"loc":{"start":{"line":81,"column":4},"end":{"line":85,"column":5}},"type":"if","locations":[{"start":{"line":81,"column":4},"end":{"line":85,"column":5}},{"start":{},"end":{}}],"line":81},"4":{"loc":{"start":{"line":104,"column":4},"end":{"line":109,"column":5}},"type":"if","locations":[{"start":{"line":104,"column":4},"end":{"line":109,"column":5}},{"start":{},"end":{}}],"line":104},"5":{"loc":{"start":{"line":104,"column":8},"end":{"line":104,"column":44}},"type":"binary-expr","locations":[{"start":{"line":104,"column":8},"end":{"line":104,"column":18}},{"start":{"line":104,"column":22},"end":{"line":104,"column":44}}],"line":104}},"s":{"0":8,"1":8,"2":8,"3":3,"4":3,"5":2,"6":1,"7":1,"8":8,"9":5,"10":5,"11":4,"12":2,"13":2,"14":1,"15":1,"16":8,"17":9,"18":9,"19":3,"20":6,"21":6,"22":8,"23":6,"24":6,"25":4,"26":2,"27":2,"28":2,"29":2,"30":1,"31":1,"32":8,"33":5,"34":5,"35":4,"36":2,"37":2,"38":2,"39":2,"40":1,"41":1,"42":8,"43":5,"44":5,"45":4,"46":2,"47":2,"48":1,"49":1},"f":{"0":3,"1":5,"2":9,"3":6,"4":5,"5":5},"b":{"0":[2,2],"1":[2,2],"2":[1,1],"3":[2,2],"4":[2,2],"5":[4,4]},"_coverageSchema":"1a1c01bbd47fc00a2c39e90264f33305004495a9","hash":"e78d730851e1b0e3605485228ab53e0fd98ad26e"}
,"C:\\Users\\thana\\Desktop\\Chula_CEDT\\Year1_2\\SE_lab\\CozyHotel-SE-BE\\middleware\\auth.js": {"path":"C:\\Users\\thana\\Desktop\\Chula_CEDT\\Year1_2\\SE_lab\\CozyHotel-SE-BE\\middleware\\auth.js","statementMap":{"0":{"start":{"line":1,"column":12},"end":{"line":1,"column":35}},"1":{"start":{"line":2,"column":13},"end":{"line":2,"column":38}},"2":{"start":{"line":4,"column":0},"end":{"line":22,"column":2}},"3":{"start":{"line":6,"column":4},"end":{"line":8,"column":5}},"4":{"start":{"line":7,"column":8},"end":{"line":7,"column":56}},"5":{"start":{"line":10,"column":4},"end":{"line":12,"column":5}},"6":{"start":{"line":11,"column":8},"end":{"line":11,"column":100}},"7":{"start":{"line":13,"column":4},"end":{"line":21,"column":5}},"8":{"start":{"line":14,"column":24},"end":{"line":14,"column":65}},"9":{"start":{"line":15,"column":8},"end":{"line":15,"column":29}},"10":{"start":{"line":16,"column":8},"end":{"line":16,"column":49}},"11":{"start":{"line":17,"column":8},"end":{"line":17,"column":15}},"12":{"start":{"line":19,"column":8},"end":{"line":19,"column":31}},"13":{"start":{"line":20,"column":8},"end":{"line":20,"column":99}},"14":{"start":{"line":25,"column":0},"end":{"line":32,"column":1}},"15":{"start":{"line":26,"column":4},"end":{"line":31,"column":5}},"16":{"start":{"line":27,"column":8},"end":{"line":29,"column":9}},"17":{"start":{"line":28,"column":12},"end":{"line":28,"column":133}},"18":{"start":{"line":30,"column":8},"end":{"line":30,"column":15}}},"fnMap":{"0":{"name":"(anonymous_0)","decl":{"start":{"line":4,"column":16},"end":{"line":4,"column":17}},"loc":{"start":{"line":4,"column":39},"end":{"line":22,"column":1}},"line":4},"1":{"name":"(anonymous_1)","decl":{"start":{"line":25,"column":18},"end":{"line":25,"column":19}},"loc":{"start":{"line":25,"column":30},"end":{"line":32,"column":1}},"line":25},"2":{"name":"(anonymous_2)","decl":{"start":{"line":26,"column":11},"end":{"line":26,"column":12}},"loc":{"start":{"line":26,"column":27},"end":{"line":31,"column":5}},"line":26}},"branchMap":{"0":{"loc":{"start":{"line":6,"column":4},"end":{"line":8,"column":5}},"type":"if","locations":[{"start":{"line":6,"column":4},"end":{"line":8,"column":5}},{"start":{},"end":{}}],"line":6},"1":{"loc":{"start":{"line":6,"column":7},"end":{"line":6,"column":82}},"type":"binary-expr","locations":[{"start":{"line":6,"column":7},"end":{"line":6,"column":32}},{"start":{"line":6,"column":36},"end":{"line":6,"column":82}}],"line":6},"2":{"loc":{"start":{"line":10,"column":4},"end":{"line":12,"column":5}},"type":"if","locations":[{"start":{"line":10,"column":4},"end":{"line":12,"column":5}},{"start":{},"end":{}}],"line":10},"3":{"loc":{"start":{"line":27,"column":8},"end":{"line":29,"column":9}},"type":"if","locations":[{"start":{"line":27,"column":8},"end":{"line":29,"column":9}},{"start":{},"end":{}}],"line":27}},"s":{"0":9,"1":9,"2":9,"3":75,"4":70,"5":75,"6":5,"7":70,"8":70,"9":67,"10":67,"11":67,"12":3,"13":3,"14":9,"15":103,"16":67,"17":7,"18":59},"f":{"0":75,"1":103,"2":67},"b":{"0":[70,5],"1":[75,70],"2":[5,70],"3":[7,59]},"_coverageSchema":"1a1c01bbd47fc00a2c39e90264f33305004495a9","hash":"ff9e28027924ca6ff1d5b7a8bd61f96caf7e5174"}
,"C:\\Users\\thana\\Desktop\\Chula_CEDT\\Year1_2\\SE_lab\\CozyHotel-SE-BE\\middleware\\managerAuth.js": {"path":"C:\\Users\\thana\\Desktop\\Chula_CEDT\\Year1_2\\SE_lab\\CozyHotel-SE-BE\\middleware\\managerAuth.js","statementMap":{"0":{"start":{"line":1,"column":13},"end":{"line":1,"column":38}},"1":{"start":{"line":4,"column":0},"end":{"line":41,"column":2}},"2":{"start":{"line":5,"column":2},"end":{"line":40,"column":3}},"3":{"start":{"line":7,"column":4},"end":{"line":12,"column":5}},"4":{"start":{"line":8,"column":6},"end":{"line":11,"column":9}},"5":{"start":{"line":15,"column":20},"end":{"line":15,"column":38}},"6":{"start":{"line":16,"column":4},"end":{"line":16,"column":25}},"7":{"start":{"line":17,"column":4},"end":{"line":22,"column":5}},"8":{"start":{"line":18,"column":6},"end":{"line":21,"column":9}},"9":{"start":{"line":25,"column":20},"end":{"line":25,"column":52}},"10":{"start":{"line":26,"column":4},"end":{"line":32,"column":5}},"11":{"start":{"line":27,"column":6},"end":{"line":31,"column":9}},"12":{"start":{"line":34,"column":4},"end":{"line":34,"column":11}},"13":{"start":{"line":36,"column":4},"end":{"line":39,"column":7}}},"fnMap":{"0":{"name":"(anonymous_0)","decl":{"start":{"line":4,"column":34},"end":{"line":4,"column":35}},"loc":{"start":{"line":4,"column":60},"end":{"line":41,"column":1}},"line":4}},"branchMap":{"0":{"loc":{"start":{"line":7,"column":4},"end":{"line":12,"column":5}},"type":"if","locations":[{"start":{"line":7,"column":4},"end":{"line":12,"column":5}},{"start":{},"end":{}}],"line":7},"1":{"loc":{"start":{"line":17,"column":4},"end":{"line":22,"column":5}},"type":"if","locations":[{"start":{"line":17,"column":4},"end":{"line":22,"column":5}},{"start":{},"end":{}}],"line":17},"2":{"loc":{"start":{"line":26,"column":4},"end":{"line":32,"column":5}},"type":"if","locations":[{"start":{"line":26,"column":4},"end":{"line":32,"column":5}},{"start":{},"end":{}}],"line":26}},"s":{"0":8,"1":8,"2":13,"3":13,"4":1,"5":12,"6":12,"7":12,"8":1,"9":11,"10":10,"11":5,"12":5,"13":1},"f":{"0":13},"b":{"0":[1,12],"1":[1,11],"2":[5,5]},"_coverageSchema":"1a1c01bbd47fc00a2c39e90264f33305004495a9","hash":"581600b652fdde420273bb3c6ed6a9dcc3dda8ec"}
,"C:\\Users\\thana\\Desktop\\Chula_CEDT\\Year1_2\\SE_lab\\CozyHotel-SE-BE\\models\\Booking.js": {"path":"C:\\Users\\thana\\Desktop\\Chula_CEDT\\Year1_2\\SE_lab\\CozyHotel-SE-BE\\models\\Booking.js","statementMap":{"0":{"start":{"line":1,"column":17},"end":{"line":1,"column":36}},"1":{"start":{"line":3,"column":22},"end":{"line":31,"column":24}},"2":{"start":{"line":33,"column":0},"end":{"line":33,"column":58}}},"fnMap":{},"branchMap":{},"s":{"0":16,"1":16,"2":16},"f":{},"b":{},"_coverageSchema":"1a1c01bbd47fc00a2c39e90264f33305004495a9","hash":"6d2c5ef3808d4eda88b49522ae8ea641b80212ea"}
,"C:\\Users\\thana\\Desktop\\Chula_CEDT\\Year1_2\\SE_lab\\CozyHotel-SE-BE\\models\\Hotel.js": {"path":"C:\\Users\\thana\\Desktop\\Chula_CEDT\\Year1_2\\SE_lab\\CozyHotel-SE-BE\\models\\Hotel.js","statementMap":{"0":{"start":{"line":1,"column":17},"end":{"line":1,"column":36}},"1":{"start":{"line":3,"column":20},"end":{"line":43,"column":2}},"2":{"start":{"line":46,"column":0},"end":{"line":51,"column":3}},"3":{"start":{"line":53,"column":0},"end":{"line":53,"column":54}}},"fnMap":{},"branchMap":{},"s":{"0":13,"1":13,"2":13,"3":13},"f":{},"b":{},"_coverageSchema":"1a1c01bbd47fc00a2c39e90264f33305004495a9","hash":"0b07c762c02361d65acbcb82b8389228a8846315"}
,"C:\\Users\\thana\\Desktop\\Chula_CEDT\\Year1_2\\SE_lab\\CozyHotel-SE-BE\\models\\RoomType.js": {"path":"C:\\Users\\thana\\Desktop\\Chula_CEDT\\Year1_2\\SE_lab\\CozyHotel-SE-BE\\models\\RoomType.js","statementMap":{"0":{"start":{"line":1,"column":17},"end":{"line":1,"column":36}},"1":{"start":{"line":3,"column":23},"end":{"line":114,"column":2}},"2":{"start":{"line":117,"column":0},"end":{"line":117,"column":64}},"3":{"start":{"line":120,"column":0},"end":{"line":204,"column":2}},"4":{"start":{"line":121,"column":18},"end":{"line":121,"column":43}},"5":{"start":{"line":124,"column":19},"end":{"line":124,"column":50}},"6":{"start":{"line":125,"column":2},"end":{"line":127,"column":3}},"7":{"start":{"line":126,"column":4},"end":{"line":126,"column":43}},"8":{"start":{"line":130,"column":2},"end":{"line":147,"column":3}},"9":{"start":{"line":131,"column":4},"end":{"line":146,"column":6}},"10":{"start":{"line":150,"column":20},"end":{"line":150,"column":41}},"11":{"start":{"line":151,"column":18},"end":{"line":151,"column":40}},"12":{"start":{"line":154,"column":30},"end":{"line":162,"column":4}},"13":{"start":{"line":165,"column":24},"end":{"line":165,"column":33}},"14":{"start":{"line":168,"column":2},"end":{"line":177,"column":5}},"15":{"start":{"line":169,"column":25},"end":{"line":169,"column":54}},"16":{"start":{"line":170,"column":23},"end":{"line":170,"column":53}},"17":{"start":{"line":173,"column":4},"end":{"line":176,"column":5}},"18":{"start":{"line":173,"column":20},"end":{"line":173,"column":42}},"19":{"start":{"line":174,"column":22},"end":{"line":174,"column":54}},"20":{"start":{"line":175,"column":6},"end":{"line":175,"column":72}},"21":{"start":{"line":180,"column":23},"end":{"line":180,"column":24}},"22":{"start":{"line":181,"column":2},"end":{"line":183,"column":3}},"23":{"start":{"line":182,"column":4},"end":{"line":182,"column":53}},"24":{"start":{"line":186,"column":25},"end":{"line":186,"column":61}},"25":{"start":{"line":188,"column":2},"end":{"line":203,"column":4}},"26":{"start":{"line":206,"column":17},"end":{"line":206,"column":59}},"27":{"start":{"line":208,"column":0},"end":{"line":208,"column":26}}},"fnMap":{"0":{"name":"(anonymous_0)","decl":{"start":{"line":120,"column":43},"end":{"line":120,"column":44}},"loc":{"start":{"line":120,"column":97},"end":{"line":204,"column":1}},"line":120},"1":{"name":"(anonymous_1)","decl":{"start":{"line":168,"column":30},"end":{"line":168,"column":31}},"loc":{"start":{"line":168,"column":41},"end":{"line":177,"column":3}},"line":168}},"branchMap":{"0":{"loc":{"start":{"line":125,"column":2},"end":{"line":127,"column":3}},"type":"if","locations":[{"start":{"line":125,"column":2},"end":{"line":127,"column":3}},{"start":{},"end":{}}],"line":125},"1":{"loc":{"start":{"line":130,"column":2},"end":{"line":147,"column":3}},"type":"if","locations":[{"start":{"line":130,"column":2},"end":{"line":147,"column":3}},{"start":{},"end":{}}],"line":130},"2":{"loc":{"start":{"line":175,"column":34},"end":{"line":175,"column":65}},"type":"binary-expr","locations":[{"start":{"line":175,"column":34},"end":{"line":175,"column":60}},{"start":{"line":175,"column":64},"end":{"line":175,"column":65}}],"line":175},"3":{"loc":{"start":{"line":202,"column":12},"end":{"line":202,"column":61}},"type":"cond-expr","locations":[{"start":{"line":202,"column":33},"end":{"line":202,"column":44}},{"start":{"line":202,"column":47},"end":{"line":202,"column":61}}],"line":202}},"s":{"0":14,"1":14,"2":14,"3":14,"4":9,"5":9,"6":9,"7":1,"8":8,"9":1,"10":7,"11":7,"12":7,"13":7,"14":7,"15":13,"16":13,"17":13,"18":13,"19":25,"20":25,"21":7,"22":7,"23":8,"24":7,"25":7,"26":14,"27":14},"f":{"0":9,"1":13},"b":{"0":[1,8],"1":[1,7],"2":[25,8],"3":[5,2]},"_coverageSchema":"1a1c01bbd47fc00a2c39e90264f33305004495a9","hash":"3ce494b74a312cae636349d429e3f706600b138c"}
,"C:\\Users\\thana\\Desktop\\Chula_CEDT\\Year1_2\\SE_lab\\CozyHotel-SE-BE\\models\\User.js": {"path":"C:\\Users\\thana\\Desktop\\Chula_CEDT\\Year1_2\\SE_lab\\CozyHotel-SE-BE\\models\\User.js","statementMap":{"0":{"start":{"line":1,"column":17},"end":{"line":1,"column":36}},"1":{"start":{"line":2,"column":15},"end":{"line":2,"column":34}},"2":{"start":{"line":3,"column":12},"end":{"line":3,"column":35}},"3":{"start":{"line":5,"column":19},"end":{"line":46,"column":2}},"4":{"start":{"line":49,"column":0},"end":{"line":52,"column":3}},"5":{"start":{"line":50,"column":15},"end":{"line":50,"column":39}},"6":{"start":{"line":51,"column":2},"end":{"line":51,"column":57}},"7":{"start":{"line":55,"column":0},"end":{"line":59,"column":2}},"8":{"start":{"line":56,"column":2},"end":{"line":58,"column":5}},"9":{"start":{"line":62,"column":0},"end":{"line":64,"column":2}},"10":{"start":{"line":63,"column":2},"end":{"line":63,"column":62}},"11":{"start":{"line":66,"column":0},"end":{"line":66,"column":52}}},"fnMap":{"0":{"name":"(anonymous_0)","decl":{"start":{"line":49,"column":23},"end":{"line":49,"column":24}},"loc":{"start":{"line":49,"column":45},"end":{"line":52,"column":1}},"line":49},"1":{"name":"(anonymous_1)","decl":{"start":{"line":55,"column":39},"end":{"line":55,"column":40}},"loc":{"start":{"line":55,"column":51},"end":{"line":59,"column":1}},"line":55},"2":{"name":"(anonymous_2)","decl":{"start":{"line":62,"column":35},"end":{"line":62,"column":36}},"loc":{"start":{"line":62,"column":68},"end":{"line":64,"column":1}},"line":62}},"branchMap":{},"s":{"0":18,"1":18,"2":18,"3":18,"4":18,"5":284,"6":284,"7":18,"8":168,"9":18,"10":165,"11":18},"f":{"0":284,"1":168,"2":165},"b":{},"_coverageSchema":"1a1c01bbd47fc00a2c39e90264f33305004495a9","hash":"d88e54cdec0ac828be6ac58a3ba6887e917f4f03"}
,"C:\\Users\\thana\\Desktop\\Chula_CEDT\\Year1_2\\SE_lab\\CozyHotel-SE-BE\\routes\\accounts.js": {"path":"C:\\Users\\thana\\Desktop\\Chula_CEDT\\Year1_2\\SE_lab\\CozyHotel-SE-BE\\routes\\accounts.js","statementMap":{"0":{"start":{"line":1,"column":16},"end":{"line":1,"column":34}},"1":{"start":{"line":7,"column":4},"end":{"line":7,"column":38}},"2":{"start":{"line":9,"column":15},"end":{"line":9,"column":31}},"3":{"start":{"line":11,"column":31},"end":{"line":11,"column":60}},"4":{"start":{"line":13,"column":0},"end":{"line":14,"column":48}},"5":{"start":{"line":16,"column":0},"end":{"line":19,"column":53}},"6":{"start":{"line":21,"column":0},"end":{"line":21,"column":24}}},"fnMap":{},"branchMap":{},"s":{"0":7,"1":7,"2":7,"3":7,"4":7,"5":7,"6":7},"f":{},"b":{},"_coverageSchema":"1a1c01bbd47fc00a2c39e90264f33305004495a9","hash":"0fe540659d50d485271d4e7cd93dab0de9ca62d1"}
,"C:\\Users\\thana\\Desktop\\Chula_CEDT\\Year1_2\\SE_lab\\CozyHotel-SE-BE\\routes\\auth.js": {"path":"C:\\Users\\thana\\Desktop\\Chula_CEDT\\Year1_2\\SE_lab\\CozyHotel-SE-BE\\routes\\auth.js","statementMap":{"0":{"start":{"line":1,"column":14},"end":{"line":1,"column":32}},"1":{"start":{"line":2,"column":40},"end":{"line":2,"column":70}},"2":{"start":{"line":4,"column":15},"end":{"line":4,"column":31}},"3":{"start":{"line":6,"column":18},"end":{"line":6,"column":47}},"4":{"start":{"line":8,"column":0},"end":{"line":8,"column":35}},"5":{"start":{"line":9,"column":0},"end":{"line":9,"column":28}},"6":{"start":{"line":10,"column":0},"end":{"line":10,"column":34}},"7":{"start":{"line":11,"column":0},"end":{"line":11,"column":29}},"8":{"start":{"line":13,"column":0},"end":{"line":13,"column":22}}},"fnMap":{},"branchMap":{},"s":{"0":7,"1":7,"2":7,"3":7,"4":7,"5":7,"6":7,"7":7,"8":7},"f":{},"b":{},"_coverageSchema":"1a1c01bbd47fc00a2c39e90264f33305004495a9","hash":"7484e82d8db0f11041e47db32e2e4149261230a7"}
,"C:\\Users\\thana\\Desktop\\Chula_CEDT\\Year1_2\\SE_lab\\CozyHotel-SE-BE\\routes\\availability.js": {"path":"C:\\Users\\thana\\Desktop\\Chula_CEDT\\Year1_2\\SE_lab\\CozyHotel-SE-BE\\routes\\availability.js","statementMap":{"0":{"start":{"line":1,"column":16},"end":{"line":1,"column":34}},"1":{"start":{"line":2,"column":15},"end":{"line":2,"column":31}},"2":{"start":{"line":3,"column":31},"end":{"line":3,"column":69}},"3":{"start":{"line":6,"column":0},"end":{"line":6,"column":72}},"4":{"start":{"line":9,"column":0},"end":{"line":9,"column":65}},"5":{"start":{"line":11,"column":0},"end":{"line":11,"column":24}}},"fnMap":{},"branchMap":{},"s":{"0":7,"1":7,"2":7,"3":7,"4":7,"5":7},"f":{},"b":{},"_coverageSchema":"1a1c01bbd47fc00a2c39e90264f33305004495a9","hash":"67975e6e29fce4f95c606dd667051004b098b50e"}
,"C:\\Users\\thana\\Desktop\\Chula_CEDT\\Year1_2\\SE_lab\\CozyHotel-SE-BE\\routes\\bookings.js": {"path":"C:\\Users\\thana\\Desktop\\Chula_CEDT\\Year1_2\\SE_lab\\CozyHotel-SE-BE\\routes\\bookings.js","statementMap":{"0":{"start":{"line":1,"column":16},"end":{"line":1,"column":34}},"1":{"start":{"line":2,"column":78},"end":{"line":2,"column":112}},"2":{"start":{"line":4,"column":15},"end":{"line":4,"column":52}},"3":{"start":{"line":5,"column":31},"end":{"line":5,"column":60}},"4":{"start":{"line":7,"column":0},"end":{"line":9,"column":59}},"5":{"start":{"line":10,"column":0},"end":{"line":13,"column":64}},"6":{"start":{"line":15,"column":0},"end":{"line":15,"column":24}}},"fnMap":{},"branchMap":{},"s":{"0":7,"1":7,"2":7,"3":7,"4":7,"5":7,"6":7},"f":{},"b":{},"_coverageSchema":"1a1c01bbd47fc00a2c39e90264f33305004495a9","hash":"08fd5b29545629b98af3f1c193dfb7840ce50923"}
,"C:\\Users\\thana\\Desktop\\Chula_CEDT\\Year1_2\\SE_lab\\CozyHotel-SE-BE\\routes\\hotels.js": {"path":"C:\\Users\\thana\\Desktop\\Chula_CEDT\\Year1_2\\SE_lab\\CozyHotel-SE-BE\\routes\\hotels.js","statementMap":{"0":{"start":{"line":1,"column":19},"end":{"line":1,"column":37}},"1":{"start":{"line":2,"column":68},"end":{"line":2,"column":100}},"2":{"start":{"line":5,"column":20},"end":{"line":5,"column":41}},"3":{"start":{"line":7,"column":13},"end":{"line":7,"column":21}},"4":{"start":{"line":9,"column":29},"end":{"line":9,"column":58}},"5":{"start":{"line":12,"column":0},"end":{"line":12,"column":49}},"6":{"start":{"line":14,"column":0},"end":{"line":14,"column":80}},"7":{"start":{"line":15,"column":0},"end":{"line":15,"column":130}},"8":{"start":{"line":17,"column":0},"end":{"line":17,"column":22}}},"fnMap":{},"branchMap":{},"s":{"0":7,"1":7,"2":7,"3":7,"4":7,"5":7,"6":7,"7":7,"8":7},"f":{},"b":{},"_coverageSchema":"1a1c01bbd47fc00a2c39e90264f33305004495a9","hash":"73bac5c6f1f3b8d1b15d80a8b5465386ccea4f0f"}
,"C:\\Users\\thana\\Desktop\\Chula_CEDT\\Year1_2\\SE_lab\\CozyHotel-SE-BE\\routes\\manager.js": {"path":"C:\\Users\\thana\\Desktop\\Chula_CEDT\\Year1_2\\SE_lab\\CozyHotel-SE-BE\\routes\\manager.js","statementMap":{"0":{"start":{"line":1,"column":16},"end":{"line":1,"column":34}},"1":{"start":{"line":12,"column":4},"end":{"line":12,"column":37}},"2":{"start":{"line":14,"column":31},"end":{"line":14,"column":60}},"3":{"start":{"line":15,"column":36},"end":{"line":15,"column":72}},"4":{"start":{"line":17,"column":15},"end":{"line":17,"column":31}},"5":{"start":{"line":20,"column":0},"end":{"line":20,"column":20}},"6":{"start":{"line":21,"column":0},"end":{"line":21,"column":33}},"7":{"start":{"line":24,"column":0},"end":{"line":24,"column":40}},"8":{"start":{"line":25,"column":0},"end":{"line":25,"column":69}},"9":{"start":{"line":29,"column":0},"end":{"line":29,"column":83}},"10":{"start":{"line":30,"column":0},"end":{"line":30,"column":43}},"11":{"start":{"line":31,"column":0},"end":{"line":31,"column":46}},"12":{"start":{"line":34,"column":0},"end":{"line":34,"column":85}},"13":{"start":{"line":35,"column":0},"end":{"line":35,"column":83}},"14":{"start":{"line":36,"column":0},"end":{"line":36,"column":45}},"15":{"start":{"line":37,"column":0},"end":{"line":37,"column":48}},"16":{"start":{"line":39,"column":0},"end":{"line":39,"column":24}}},"fnMap":{},"branchMap":{},"s":{"0":7,"1":7,"2":7,"3":7,"4":7,"5":7,"6":7,"7":7,"8":7,"9":7,"10":7,"11":7,"12":7,"13":7,"14":7,"15":7,"16":7},"f":{},"b":{},"_coverageSchema":"1a1c01bbd47fc00a2c39e90264f33305004495a9","hash":"854dc6ec4cb75d76f78fb7dfa3c8d3b88dcab655"}
,"C:\\Users\\thana\\Desktop\\Chula_CEDT\\Year1_2\\SE_lab\\CozyHotel-SE-BE\\routes\\roomTypes.js": {"path":"C:\\Users\\thana\\Desktop\\Chula_CEDT\\Year1_2\\SE_lab\\CozyHotel-SE-BE\\routes\\roomTypes.js","statementMap":{"0":{"start":{"line":1,"column":16},"end":{"line":1,"column":34}},"1":{"start":{"line":9,"column":4},"end":{"line":9,"column":39}},"2":{"start":{"line":11,"column":15},"end":{"line":11,"column":31}},"3":{"start":{"line":12,"column":31},"end":{"line":12,"column":60}},"4":{"start":{"line":14,"column":0},"end":{"line":16,"column":55}},"5":{"start":{"line":18,"column":0},"end":{"line":21,"column":57}},"6":{"start":{"line":23,"column":0},"end":{"line":23,"column":59}},"7":{"start":{"line":25,"column":0},"end":{"line":25,"column":24}}},"fnMap":{},"branchMap":{},"s":{"0":7,"1":7,"2":7,"3":7,"4":7,"5":7,"6":7,"7":7},"f":{},"b":{},"_coverageSchema":"1a1c01bbd47fc00a2c39e90264f33305004495a9","hash":"1f57dd99a7fa2fa09105dcb5449c22aa5093e297"}
}
