TN:
SF:config\db.js
FN:3,(anonymous_0)
FNF:1
FNH:1
FNDA:11,(anonymous_0)
DA:1,8
DA:3,8
DA:4,11
DA:5,11
DA:8,7
DA:11,8
LF:6
LH:6
BRF:0
BRH:0
end_of_record
TN:
SF:controllers\accounts.js
FN:7,(anonymous_0)
FN:50,(anonymous_1)
FN:75,(anonymous_2)
FN:103,(anonymous_3)
FNF:4
FNH:4
FNDA:5,(anonymous_0)
FNDA:5,(anonymous_1)
FNDA:5,(anonymous_2)
FNDA:6,(anonymous_3)
DA:1,8
DA:2,8
DA:7,8
DA:8,5
DA:10,5
DA:11,5
DA:12,5
DA:15,5
DA:18,4
DA:21,4
DA:24,4
DA:27,4
DA:39,1
DA:40,1
DA:50,8
DA:51,5
DA:52,5
DA:53,4
DA:54,2
DA:59,2
DA:64,1
DA:65,1
DA:75,8
DA:76,5
DA:77,5
DA:81,3
DA:82,1
DA:87,2
DA:92,2
DA:93,2
DA:103,8
DA:104,6
DA:105,6
DA:106,5
DA:107,2
DA:114,3
DA:116,3
DA:118,3
DA:123,1
DA:124,1
LF:40
LH:40
BRDA:10,0,0,5
BRDA:10,0,1,3
BRDA:11,1,0,5
BRDA:11,1,1,3
BRDA:53,2,0,2
BRDA:53,2,1,2
BRDA:81,3,0,1
BRDA:81,3,1,2
BRDA:106,4,0,2
BRDA:106,4,1,3
BRF:10
BRH:10
end_of_record
TN:
SF:controllers\auth.js
FN:4,(anonymous_0)
FN:32,(anonymous_1)
FN:59,(anonymous_2)
FN:89,(anonymous_3)
FN:100,(anonymous_4)
FNF:5
FNH:5
FNDA:166,(anonymous_0)
FNDA:9,(anonymous_1)
FNDA:169,(anonymous_2)
FNDA:1,(anonymous_3)
FNDA:1,(anonymous_4)
DA:1,8
DA:4,8
DA:5,166
DA:7,166
DA:14,166
DA:15,0
DA:18,166
DA:32,8
DA:33,9
DA:34,9
DA:37,9
DA:49,3
DA:51,6
DA:52,6
DA:59,8
DA:60,169
DA:63,169
DA:64,2
DA:69,167
DA:71,167
DA:72,2
DA:75,165
DA:77,165
DA:78,2
DA:83,163
DA:89,8
DA:90,1
DA:91,1
DA:100,8
DA:101,1
DA:106,1
LF:31
LH:30
BRDA:14,0,0,0
BRDA:14,0,1,166
BRDA:43,1,0,9
BRDA:43,1,1,9
BRDA:63,2,0,2
BRDA:63,2,1,167
BRDA:63,3,0,169
BRDA:63,3,1,169
BRDA:71,4,0,2
BRDA:71,4,1,165
BRDA:77,5,0,2
BRDA:77,5,1,163
BRF:12
BRH:11
end_of_record
TN:
SF:controllers\availability.js
FN:6,(anonymous_0)
FN:46,(anonymous_1)
FN:53,(anonymous_2)
FN:73,(anonymous_3)
FN:113,(anonymous_4)
FN:118,(anonymous_5)
FN:124,(anonymous_6)
FN:131,(anonymous_7)
FN:138,(anonymous_8)
FNF:9
FNH:9
FNDA:10,(anonymous_0)
FNDA:3,(anonymous_1)
FNDA:3,(anonymous_2)
FNDA:11,(anonymous_3)
FNDA:5,(anonymous_4)
FNDA:5,(anonymous_5)
FNDA:5,(anonymous_6)
FNDA:5,(anonymous_7)
FNDA:5,(anonymous_8)
DA:1,8
DA:2,8
DA:3,8
DA:6,8
DA:7,10
DA:8,10
DA:10,10
DA:11,2
DA:18,8
DA:19,8
DA:21,8
DA:22,2
DA:28,6
DA:29,1
DA:36,5
DA:38,4
DA:39,1
DA:46,3
DA:47,3
DA:50,3
DA:53,3
DA:55,3
DA:65,1
DA:73,8
DA:74,11
DA:75,11
DA:77,11
DA:78,2
DA:85,9
DA:86,9
DA:88,9
DA:89,1
DA:95,8
DA:96,2
DA:103,6
DA:105,5
DA:106,1
DA:113,4
DA:115,5
DA:118,5
DA:119,5
DA:122,5
DA:124,5
DA:126,5
DA:131,5
DA:135,4
DA:138,5
DA:140,4
DA:149,1
LF:49
LH:49
BRDA:10,0,0,2
BRDA:10,0,1,8
BRDA:10,1,0,10
BRDA:10,1,1,9
BRDA:10,1,2,8
BRDA:21,2,0,2
BRDA:21,2,1,6
BRDA:21,3,0,8
BRDA:21,3,1,6
BRDA:28,4,0,1
BRDA:28,4,1,5
BRDA:38,5,0,1
BRDA:38,5,1,3
BRDA:77,6,0,2
BRDA:77,6,1,9
BRDA:77,7,0,11
BRDA:77,7,1,10
BRDA:88,8,0,1
BRDA:88,8,1,8
BRDA:88,9,0,9
BRDA:88,9,1,8
BRDA:95,10,0,2
BRDA:95,10,1,6
BRDA:105,11,0,1
BRDA:105,11,1,4
BRF:25
BRH:25
end_of_record
TN:
SF:controllers\bookings.js
FN:4,(anonymous_0)
FN:63,(anonymous_1)
FN:88,(anonymous_2)
FN:133,(anonymous_3)
FN:162,(anonymous_4)
FNF:5
FNH:5
FNDA:5,(anonymous_0)
FNDA:4,(anonymous_1)
FNDA:11,(anonymous_2)
FNDA:8,(anonymous_3)
FNDA:8,(anonymous_4)
DA:1,8
DA:2,8
DA:4,8
DA:8,5
DA:9,2
DA:20,3
DA:21,2
DA:22,2
DA:33,1
DA:46,5
DA:47,5
DA:49,5
DA:55,0
DA:56,0
DA:63,8
DA:64,4
DA:65,4
DA:70,2
DA:71,1
DA:74,1
DA:80,2
DA:81,2
DA:88,8
DA:89,11
DA:90,11
DA:92,11
DA:94,11
DA:95,2
DA:99,9
DA:100,2
DA:107,7
DA:110,7
DA:111,2
DA:116,5
DA:118,4
DA:123,1
DA:124,1
DA:133,8
DA:134,8
DA:135,8
DA:137,7
DA:138,2
DA:141,5
DA:146,3
DA:151,3
DA:152,3
DA:162,8
DA:163,8
DA:164,8
DA:166,7
DA:167,2
DA:171,5
DA:172,1
DA:178,4
DA:180,3
DA:186,2
DA:187,2
LF:57
LH:55
BRDA:8,0,0,2
BRDA:8,0,1,3
BRDA:20,1,0,2
BRDA:20,1,1,1
BRDA:70,2,0,1
BRDA:70,2,1,1
BRDA:94,3,0,2
BRDA:94,3,1,9
BRDA:99,4,0,2
BRDA:99,4,1,7
BRDA:99,5,0,9
BRDA:99,5,1,4
BRDA:110,6,0,2
BRDA:110,6,1,5
BRDA:110,7,0,7
BRDA:110,7,1,3
BRDA:137,8,0,2
BRDA:137,8,1,5
BRDA:166,9,0,2
BRDA:166,9,1,5
BRDA:171,10,0,1
BRDA:171,10,1,4
BRDA:171,11,0,5
BRDA:171,11,1,2
BRF:24
BRH:24
end_of_record
TN:
SF:controllers\hotels.js
FN:10,(anonymous_0)
FN:53,(anonymous_1)
FN:81,(anonymous_2)
FN:100,(anonymous_3)
FN:118,(anonymous_4)
FN:139,(anonymous_5)
FN:158,(anonymous_6)
FNF:7
FNH:7
FNDA:6,(anonymous_0)
FNDA:5,(anonymous_1)
FNDA:6,(anonymous_2)
FNDA:6,(anonymous_3)
FNDA:5,(anonymous_4)
FNDA:1,(anonymous_5)
FNDA:5,(anonymous_6)
DA:1,8
DA:2,8
DA:3,8
DA:4,8
DA:5,8
DA:10,8
DA:11,6
DA:13,6
DA:14,6
DA:15,6
DA:18,6
DA:21,5
DA:24,5
DA:27,5
DA:30,5
DA:42,1
DA:43,1
DA:53,8
DA:54,5
DA:55,5
DA:57,4
DA:58,2
DA:64,2
DA:69,1
DA:70,1
DA:81,8
DA:82,6
DA:83,6
DA:85,6
DA:86,2
DA:92,4
DA:93,2
DA:98,2
DA:99,2
DA:100,6
DA:101,1
DA:102,1
DA:107,1
DA:118,8
DA:119,5
DA:120,5
DA:125,3
DA:126,1
DA:132,2
DA:137,2
DA:138,2
DA:139,1
DA:140,1
DA:141,1
DA:146,1
DA:158,8
DA:159,5
DA:160,5
DA:162,4
DA:163,2
DA:170,2
DA:171,2
DA:174,2
DA:176,2
DA:181,1
DA:182,1
LF:61
LH:61
BRDA:13,0,0,6
BRDA:13,0,1,5
BRDA:14,1,0,6
BRDA:14,1,1,5
BRDA:57,2,0,2
BRDA:57,2,1,2
BRDA:85,3,0,2
BRDA:85,3,1,4
BRDA:99,4,0,1
BRDA:99,4,1,1
BRDA:125,5,0,1
BRDA:125,5,1,2
BRDA:138,6,0,1
BRDA:138,6,1,1
BRDA:162,7,0,2
BRDA:162,7,1,2
BRF:16
BRH:16
end_of_record
TN:
SF:controllers\manager.js
FN:9,(anonymous_0)
FN:28,(anonymous_1)
FN:49,(anonymous_2)
FN:68,(anonymous_3)
FN:88,(anonymous_4)
FN:132,(anonymous_5)
FN:169,(anonymous_6)
FN:214,(anonymous_7)
FN:259,(anonymous_8)
FNF:9
FNH:9
FNDA:5,(anonymous_0)
FNDA:3,(anonymous_1)
FNDA:4,(anonymous_2)
FNDA:3,(anonymous_3)
FNDA:9,(anonymous_4)
FNDA:9,(anonymous_5)
FNDA:6,(anonymous_6)
FNDA:4,(anonymous_7)
FNDA:6,(anonymous_8)
DA:1,8
DA:2,8
DA:3,8
DA:4,8
DA:9,8
DA:10,5
DA:11,5
DA:13,4
DA:18,1
DA:28,8
DA:29,3
DA:30,3
DA:34,2
DA:39,1
DA:49,8
DA:50,4
DA:51,4
DA:53,3
DA:58,1
DA:68,8
DA:69,3
DA:70,3
DA:71,3
DA:73,2
DA:78,1
DA:88,8
DA:89,9
DA:90,9
DA:92,8
DA:93,2
DA:100,6
DA:101,6
DA:102,3
DA:108,3
DA:117,3
DA:122,1
DA:132,8
DA:133,9
DA:134,9
DA:136,8
DA:137,2
DA:144,6
DA:145,6
DA:146,3
DA:152,3
DA:154,3
DA:159,1
DA:169,8
DA:170,6
DA:171,6
DA:173,5
DA:174,1
DA:181,4
DA:182,4
DA:183,2
DA:190,2
DA:199,2
DA:204,1
DA:214,8
DA:215,4
DA:216,4
DA:218,3
DA:219,1
DA:226,2
DA:227,2
DA:228,1
DA:235,1
DA:244,1
DA:249,1
DA:259,8
DA:260,6
DA:261,6
DA:263,5
DA:264,1
DA:271,4
DA:272,4
DA:273,2
DA:280,2
DA:282,2
DA:287,1
LF:80
LH:80
BRDA:92,0,0,2
BRDA:92,0,1,6
BRDA:101,1,0,3
BRDA:101,1,1,3
BRDA:136,2,0,2
BRDA:136,2,1,6
BRDA:145,3,0,3
BRDA:145,3,1,3
BRDA:173,4,0,1
BRDA:173,4,1,4
BRDA:182,5,0,2
BRDA:182,5,1,2
BRDA:218,6,0,1
BRDA:218,6,1,2
BRDA:227,7,0,1
BRDA:227,7,1,1
BRDA:263,8,0,1
BRDA:263,8,1,4
BRDA:272,9,0,2
BRDA:272,9,1,2
BRF:20
BRH:20
end_of_record
TN:
SF:controllers\roomTypes.js
FN:6,(anonymous_0)
FN:19,(anonymous_1)
FN:37,(anonymous_2)
FN:50,(anonymous_3)
FN:77,(anonymous_4)
FN:100,(anonymous_5)
FNF:6
FNH:6
FNDA:3,(anonymous_0)
FNDA:5,(anonymous_1)
FNDA:9,(anonymous_2)
FNDA:6,(anonymous_3)
FNDA:5,(anonymous_4)
FNDA:5,(anonymous_5)
DA:1,8
DA:2,8
DA:6,8
DA:7,3
DA:8,3
DA:9,2
DA:11,1
DA:12,1
DA:19,8
DA:20,5
DA:21,5
DA:22,4
DA:23,2
DA:27,2
DA:29,1
DA:30,1
DA:37,8
DA:38,9
DA:39,9
DA:40,3
DA:42,6
DA:43,6
DA:50,8
DA:51,6
DA:52,6
DA:56,4
DA:57,2
DA:61,2
DA:63,2
DA:64,2
DA:65,1
DA:70,1
DA:77,8
DA:78,5
DA:79,5
DA:81,4
DA:82,2
DA:87,2
DA:88,2
DA:90,2
DA:92,1
DA:93,1
DA:100,8
DA:101,5
DA:102,5
DA:104,4
DA:105,2
DA:111,2
DA:117,1
DA:118,1
LF:50
LH:50
BRDA:22,0,0,2
BRDA:22,0,1,2
BRDA:56,1,0,2
BRDA:56,1,1,2
BRDA:64,2,0,1
BRDA:64,2,1,1
BRDA:81,3,0,2
BRDA:81,3,1,2
BRDA:104,4,0,2
BRDA:104,4,1,2
BRDA:104,5,0,4
BRDA:104,5,1,4
BRF:12
BRH:12
end_of_record
TN:
SF:middleware\auth.js
FN:4,(anonymous_0)
FN:25,(anonymous_1)
FN:26,(anonymous_2)
FNF:3
FNH:3
FNDA:75,(anonymous_0)
FNDA:103,(anonymous_1)
FNDA:67,(anonymous_2)
DA:1,9
DA:2,9
DA:4,9
DA:6,75
DA:7,70
DA:10,75
DA:11,5
DA:13,70
DA:14,70
DA:15,67
DA:16,67
DA:17,67
DA:19,3
DA:20,3
DA:25,9
DA:26,103
DA:27,67
DA:28,7
DA:30,59
LF:19
LH:19
BRDA:6,0,0,70
BRDA:6,0,1,5
BRDA:6,1,0,75
BRDA:6,1,1,70
BRDA:10,2,0,5
BRDA:10,2,1,70
BRDA:27,3,0,7
BRDA:27,3,1,59
BRF:8
BRH:8
end_of_record
TN:
SF:middleware\managerAuth.js
FN:4,(anonymous_0)
FNF:1
FNH:1
FNDA:13,(anonymous_0)
DA:1,8
DA:4,8
DA:5,13
DA:7,13
DA:8,1
DA:15,12
DA:16,12
DA:17,12
DA:18,1
DA:25,11
DA:26,10
DA:27,5
DA:34,5
DA:36,1
LF:14
LH:14
BRDA:7,0,0,1
BRDA:7,0,1,12
BRDA:17,1,0,1
BRDA:17,1,1,11
BRDA:26,2,0,5
BRDA:26,2,1,5
BRF:6
BRH:6
end_of_record
TN:
SF:models\Booking.js
FNF:0
FNH:0
DA:1,16
DA:3,16
DA:33,16
LF:3
LH:3
BRF:0
BRH:0
end_of_record
TN:
SF:models\Hotel.js
FNF:0
FNH:0
DA:1,13
DA:3,13
DA:46,13
DA:53,13
LF:4
LH:4
BRF:0
BRH:0
end_of_record
TN:
SF:models\RoomType.js
FN:120,(anonymous_0)
FN:168,(anonymous_1)
FNF:2
FNH:2
FNDA:9,(anonymous_0)
FNDA:13,(anonymous_1)
DA:1,14
DA:3,14
DA:117,14
DA:120,14
DA:121,9
DA:124,9
DA:125,9
DA:126,1
DA:130,8
DA:131,1
DA:150,7
DA:151,7
DA:154,7
DA:165,7
DA:168,7
DA:169,13
DA:170,13
DA:173,13
DA:174,25
DA:175,25
DA:180,7
DA:181,7
DA:182,8
DA:186,7
DA:188,7
DA:206,14
DA:208,14
LF:27
LH:27
BRDA:125,0,0,1
BRDA:125,0,1,8
BRDA:130,1,0,1
BRDA:130,1,1,7
BRDA:175,2,0,25
BRDA:175,2,1,8
BRDA:202,3,0,5
BRDA:202,3,1,2
BRF:8
BRH:8
end_of_record
TN:
SF:models\User.js
FN:49,(anonymous_0)
FN:55,(anonymous_1)
FN:62,(anonymous_2)
FNF:3
FNH:3
FNDA:284,(anonymous_0)
FNDA:168,(anonymous_1)
FNDA:165,(anonymous_2)
DA:1,18
DA:2,18
DA:3,18
DA:5,18
DA:49,18
DA:50,284
DA:51,284
DA:55,18
DA:56,168
DA:62,18
DA:63,165
DA:66,18
LF:12
LH:12
BRF:0
BRH:0
end_of_record
TN:
SF:routes\accounts.js
FNF:0
FNH:0
DA:1,7
DA:7,7
DA:9,7
DA:11,7
DA:13,7
DA:16,7
DA:21,7
LF:7
LH:7
BRF:0
BRH:0
end_of_record
TN:
SF:routes\auth.js
FNF:0
FNH:0
DA:1,7
DA:2,7
DA:4,7
DA:6,7
DA:8,7
DA:9,7
DA:10,7
DA:11,7
DA:13,7
LF:9
LH:9
BRF:0
BRH:0
end_of_record
TN:
SF:routes\availability.js
FNF:0
FNH:0
DA:1,7
DA:2,7
DA:3,7
DA:6,7
DA:9,7
DA:11,7
LF:6
LH:6
BRF:0
BRH:0
end_of_record
TN:
SF:routes\bookings.js
FNF:0
FNH:0
DA:1,7
DA:2,7
DA:4,7
DA:5,7
DA:7,7
DA:10,7
DA:15,7
LF:7
LH:7
BRF:0
BRH:0
end_of_record
TN:
SF:routes\hotels.js
FNF:0
FNH:0
DA:1,7
DA:2,7
DA:5,7
DA:7,7
DA:9,7
DA:12,7
DA:14,7
DA:15,7
DA:17,7
LF:9
LH:9
BRF:0
BRH:0
end_of_record
TN:
SF:routes\manager.js
FNF:0
FNH:0
DA:1,7
DA:12,7
DA:14,7
DA:15,7
DA:17,7
DA:20,7
DA:21,7
DA:24,7
DA:25,7
DA:29,7
DA:30,7
DA:31,7
DA:34,7
DA:35,7
DA:36,7
DA:37,7
DA:39,7
LF:17
LH:17
BRF:0
BRH:0
end_of_record
TN:
SF:routes\roomTypes.js
FNF:0
FNH:0
DA:1,7
DA:9,7
DA:11,7
DA:12,7
DA:14,7
DA:18,7
DA:23,7
DA:25,7
LF:8
LH:8
BRF:0
BRH:0
end_of_record
