TN:
SF:server.js
FN:18,(anonymous_0)
FNF:1
FNH:1
FNDA:7,(anonymous_0)
DA:1,7
DA:2,7
DA:3,7
DA:4,7
DA:5,7
DA:6,7
DA:7,7
DA:8,7
DA:9,7
DA:10,7
DA:11,7
DA:12,7
DA:13,7
DA:16,7
DA:18,7
DA:20,7
DA:26,7
DA:27,7
DA:28,7
DA:29,7
DA:30,7
DA:31,7
DA:32,7
DA:33,7
DA:36,7
DA:37,7
DA:40,7
DA:50,7
DA:51,7
DA:52,7
DA:53,7
DA:54,7
DA:55,7
DA:56,7
DA:58,7
DA:59,7
DA:60,7
DA:61,7
DA:62,7
DA:63,7
DA:64,7
DA:66,7
DA:70,7
DA:73,7
DA:74,0
DA:75,0
DA:76,0
DA:87,7
LF:48
LH:45
BRDA:73,0,0,0
BRDA:73,0,1,7
BRDA:75,1,0,0
BRDA:75,1,1,0
BRF:4
BRH:1
end_of_record
TN:
SF:__tests__\utils\dbHandler.js
FN:6,(anonymous_0)
FN:18,(anonymous_1)
FN:25,(anonymous_2)
FNF:3
FNH:3
FNDA:9,(anonymous_0)
FNDA:122,(anonymous_1)
FNDA:9,(anonymous_2)
DA:1,9
DA:2,9
DA:6,9
DA:7,9
DA:8,9
DA:10,9
DA:12,9
DA:18,9
DA:19,122
DA:20,122
DA:21,464
DA:25,9
DA:26,9
DA:27,9
DA:28,9
DA:32,9
LF:16
LH:16
BRDA:27,0,0,9
BRDA:27,0,1,0
BRF:2
BRH:1
end_of_record
TN:
SF:config\db.js
FN:3,(anonymous_0)
FNF:1
FNH:1
FNDA:11,(anonymous_0)
DA:1,8
DA:3,8
DA:4,11
DA:5,11
DA:8,7
DA:11,8
LF:6
LH:6
BRF:0
BRH:0
end_of_record
TN:
SF:controllers\accounts.js
FN:7,(anonymous_0)
FN:50,(anonymous_1)
FN:75,(anonymous_2)
FN:103,(anonymous_3)
FNF:4
FNH:4
FNDA:4,(anonymous_0)
FNDA:4,(anonymous_1)
FNDA:3,(anonymous_2)
FNDA:4,(anonymous_3)
DA:1,8
DA:2,8
DA:7,8
DA:8,4
DA:10,4
DA:11,4
DA:12,4
DA:15,4
DA:18,4
DA:21,4
DA:24,4
DA:27,4
DA:39,0
DA:40,0
DA:50,8
DA:51,4
DA:52,4
DA:53,4
DA:54,2
DA:59,2
DA:64,0
DA:65,0
DA:75,8
DA:76,3
DA:77,3
DA:81,2
DA:82,0
DA:87,2
DA:92,1
DA:93,1
DA:103,8
DA:104,4
DA:105,4
DA:106,4
DA:107,1
DA:114,3
DA:116,3
DA:118,3
DA:123,0
DA:124,0
LF:40
LH:33
BRDA:10,0,0,4
BRDA:10,0,1,2
BRDA:11,1,0,4
BRDA:11,1,1,2
BRDA:53,2,0,2
BRDA:53,2,1,2
BRDA:81,3,0,0
BRDA:81,3,1,2
BRDA:106,4,0,1
BRDA:106,4,1,3
BRF:10
BRH:9
end_of_record
TN:
SF:controllers\auth.js
FN:5,(anonymous_0)
FN:32,(anonymous_1)
FN:51,(anonymous_2)
FN:61,(anonymous_3)
FN:91,(anonymous_4)
FN:102,(anonymous_5)
FNF:6
FNH:6
FNDA:166,(anonymous_0)
FNDA:9,(anonymous_1)
FNDA:4,(anonymous_2)
FNDA:169,(anonymous_3)
FNDA:1,(anonymous_4)
FNDA:1,(anonymous_5)
DA:1,8
DA:2,8
DA:5,8
DA:6,166
DA:8,166
DA:15,166
DA:16,0
DA:19,166
DA:32,8
DA:33,9
DA:34,9
DA:37,9
DA:45,3
DA:47,6
DA:48,3
DA:51,4
DA:54,3
DA:61,8
DA:62,169
DA:65,169
DA:66,2
DA:71,167
DA:73,167
DA:74,2
DA:77,165
DA:79,165
DA:80,2
DA:85,163
DA:91,8
DA:92,1
DA:93,1
DA:102,8
DA:103,1
DA:108,1
LF:34
LH:33
BRDA:15,0,0,0
BRDA:15,0,1,166
BRDA:47,1,0,3
BRDA:47,1,1,3
BRDA:65,2,0,2
BRDA:65,2,1,167
BRDA:65,3,0,169
BRDA:65,3,1,169
BRDA:73,4,0,2
BRDA:73,4,1,165
BRDA:79,5,0,2
BRDA:79,5,1,163
BRF:12
BRH:11
end_of_record
TN:
SF:controllers\availability.js
FN:6,(anonymous_0)
FN:46,(anonymous_1)
FN:53,(anonymous_2)
FN:73,(anonymous_3)
FN:113,(anonymous_4)
FN:118,(anonymous_5)
FN:125,(anonymous_6)
FN:132,(anonymous_7)
FN:139,(anonymous_8)
FNF:9
FNH:9
FNDA:8,(anonymous_0)
FNDA:3,(anonymous_1)
FNDA:3,(anonymous_2)
FNDA:4,(anonymous_3)
FNDA:2,(anonymous_4)
FNDA:2,(anonymous_5)
FNDA:2,(anonymous_6)
FNDA:2,(anonymous_7)
FNDA:2,(anonymous_8)
DA:1,8
DA:2,8
DA:3,8
DA:6,8
DA:7,8
DA:8,8
DA:10,8
DA:11,1
DA:18,7
DA:19,7
DA:21,7
DA:22,2
DA:28,5
DA:29,1
DA:36,4
DA:38,4
DA:39,1
DA:46,3
DA:47,3
DA:50,3
DA:53,3
DA:55,3
DA:65,0
DA:73,8
DA:74,4
DA:75,4
DA:77,4
DA:78,1
DA:85,3
DA:86,3
DA:88,3
DA:89,0
DA:95,3
DA:96,1
DA:103,2
DA:105,2
DA:106,0
DA:113,2
DA:115,2
DA:118,2
DA:119,2
DA:122,2
DA:125,2
DA:127,2
DA:132,2
DA:136,2
DA:139,2
DA:141,2
DA:150,0
LF:49
LH:45
BRDA:10,0,0,1
BRDA:10,0,1,7
BRDA:10,1,0,8
BRDA:10,1,1,8
BRDA:10,1,2,7
BRDA:21,2,0,2
BRDA:21,2,1,5
BRDA:21,3,0,7
BRDA:21,3,1,5
BRDA:28,4,0,1
BRDA:28,4,1,4
BRDA:38,5,0,1
BRDA:38,5,1,3
BRDA:77,6,0,1
BRDA:77,6,1,3
BRDA:77,7,0,4
BRDA:77,7,1,4
BRDA:88,8,0,0
BRDA:88,8,1,3
BRDA:88,9,0,3
BRDA:88,9,1,3
BRDA:95,10,0,1
BRDA:95,10,1,2
BRDA:105,11,0,0
BRDA:105,11,1,2
BRF:25
BRH:23
end_of_record
TN:
SF:controllers\bookings.js
FN:4,(anonymous_0)
FN:63,(anonymous_1)
FN:88,(anonymous_2)
FN:133,(anonymous_3)
FN:162,(anonymous_4)
FNF:5
FNH:4
FNDA:4,(anonymous_0)
FNDA:0,(anonymous_1)
FNDA:6,(anonymous_2)
FNDA:4,(anonymous_3)
FNDA:4,(anonymous_4)
DA:1,8
DA:2,8
DA:4,8
DA:8,4
DA:9,2
DA:20,2
DA:21,1
DA:22,1
DA:33,1
DA:46,4
DA:47,4
DA:49,4
DA:55,0
DA:56,0
DA:63,8
DA:64,0
DA:65,0
DA:70,0
DA:71,0
DA:74,0
DA:80,0
DA:81,0
DA:88,8
DA:89,6
DA:90,6
DA:92,6
DA:94,6
DA:95,1
DA:99,5
DA:100,1
DA:107,4
DA:110,4
DA:111,2
DA:116,2
DA:118,2
DA:123,0
DA:124,0
DA:133,8
DA:134,4
DA:135,4
DA:137,4
DA:138,1
DA:141,3
DA:146,3
DA:151,0
DA:152,0
DA:162,8
DA:163,4
DA:164,4
DA:166,4
DA:167,1
DA:170,3
DA:172,2
DA:178,1
DA:179,1
LF:55
LH:42
BRDA:8,0,0,2
BRDA:8,0,1,2
BRDA:20,1,0,1
BRDA:20,1,1,1
BRDA:70,2,0,0
BRDA:70,2,1,0
BRDA:94,3,0,1
BRDA:94,3,1,5
BRDA:99,4,0,1
BRDA:99,4,1,4
BRDA:99,5,0,5
BRDA:99,5,1,1
BRDA:110,6,0,2
BRDA:110,6,1,2
BRDA:110,7,0,4
BRDA:110,7,1,2
BRDA:137,8,0,1
BRDA:137,8,1,3
BRDA:166,9,0,1
BRDA:166,9,1,3
BRF:20
BRH:18
end_of_record
TN:
SF:controllers\hotels.js
FN:10,(anonymous_0)
FN:53,(anonymous_1)
FN:81,(anonymous_2)
FN:100,(anonymous_3)
FN:118,(anonymous_4)
FN:139,(anonymous_5)
FN:158,(anonymous_6)
FNF:7
FNH:6
FNDA:5,(anonymous_0)
FNDA:2,(anonymous_1)
FNDA:5,(anonymous_2)
FNDA:8,(anonymous_3)
FNDA:1,(anonymous_4)
FNDA:0,(anonymous_5)
FNDA:3,(anonymous_6)
DA:1,8
DA:2,8
DA:3,8
DA:4,8
DA:5,8
DA:10,8
DA:11,5
DA:13,5
DA:14,5
DA:15,5
DA:18,5
DA:21,5
DA:24,5
DA:27,5
DA:30,5
DA:42,0
DA:43,0
DA:53,8
DA:54,2
DA:55,2
DA:57,2
DA:58,1
DA:64,1
DA:69,0
DA:70,0
DA:81,8
DA:82,5
DA:83,5
DA:85,5
DA:86,1
DA:92,4
DA:93,1
DA:98,3
DA:99,3
DA:100,8
DA:101,3
DA:102,3
DA:107,0
DA:118,8
DA:119,1
DA:120,1
DA:125,1
DA:126,0
DA:132,1
DA:137,0
DA:138,0
DA:139,0
DA:140,0
DA:141,0
DA:146,0
DA:158,8
DA:159,3
DA:160,3
DA:162,3
DA:163,1
DA:170,2
DA:171,2
DA:174,2
DA:176,2
DA:181,0
DA:182,0
LF:61
LH:47
BRDA:13,0,0,5
BRDA:13,0,1,4
BRDA:14,1,0,5
BRDA:14,1,1,4
BRDA:57,2,0,1
BRDA:57,2,1,1
BRDA:85,3,0,1
BRDA:85,3,1,4
BRDA:99,4,0,3
BRDA:99,4,1,0
BRDA:125,5,0,0
BRDA:125,5,1,1
BRDA:138,6,0,0
BRDA:138,6,1,0
BRDA:162,7,0,1
BRDA:162,7,1,2
BRF:16
BRH:12
end_of_record
TN:
SF:controllers\manager.js
FN:9,(anonymous_0)
FN:28,(anonymous_1)
FN:49,(anonymous_2)
FN:68,(anonymous_3)
FN:88,(anonymous_4)
FN:132,(anonymous_5)
FN:169,(anonymous_6)
FN:214,(anonymous_7)
FN:259,(anonymous_8)
FNF:9
FNH:8
FNDA:4,(anonymous_0)
FNDA:1,(anonymous_1)
FNDA:2,(anonymous_2)
FNDA:1,(anonymous_3)
FNDA:5,(anonymous_4)
FNDA:5,(anonymous_5)
FNDA:2,(anonymous_6)
FNDA:0,(anonymous_7)
FNDA:2,(anonymous_8)
DA:1,8
DA:2,8
DA:3,8
DA:4,8
DA:9,8
DA:10,4
DA:11,4
DA:13,4
DA:18,0
DA:28,8
DA:29,1
DA:30,1
DA:34,1
DA:39,0
DA:49,8
DA:50,2
DA:51,2
DA:53,2
DA:58,0
DA:68,8
DA:69,1
DA:70,1
DA:71,1
DA:73,1
DA:78,0
DA:88,8
DA:89,5
DA:90,5
DA:92,5
DA:93,1
DA:100,4
DA:101,4
DA:102,2
DA:108,2
DA:117,2
DA:122,0
DA:132,8
DA:133,5
DA:134,5
DA:136,5
DA:137,1
DA:144,4
DA:145,4
DA:146,2
DA:152,2
DA:154,2
DA:159,0
DA:169,8
DA:170,2
DA:171,2
DA:173,2
DA:174,0
DA:181,2
DA:182,2
DA:183,1
DA:190,1
DA:199,1
DA:204,0
DA:214,8
DA:215,0
DA:216,0
DA:218,0
DA:219,0
DA:226,0
DA:227,0
DA:228,0
DA:235,0
DA:244,0
DA:249,0
DA:259,8
DA:260,2
DA:261,2
DA:263,2
DA:264,0
DA:271,2
DA:272,2
DA:273,1
DA:280,1
DA:282,1
DA:287,0
LF:80
LH:60
BRDA:92,0,0,1
BRDA:92,0,1,4
BRDA:101,1,0,2
BRDA:101,1,1,2
BRDA:136,2,0,1
BRDA:136,2,1,4
BRDA:145,3,0,2
BRDA:145,3,1,2
BRDA:173,4,0,0
BRDA:173,4,1,2
BRDA:182,5,0,1
BRDA:182,5,1,1
BRDA:218,6,0,0
BRDA:218,6,1,0
BRDA:227,7,0,0
BRDA:227,7,1,0
BRDA:263,8,0,0
BRDA:263,8,1,2
BRDA:272,9,0,1
BRDA:272,9,1,1
BRF:20
BRH:14
end_of_record
TN:
SF:controllers\roomTypes.js
FN:7,(anonymous_0)
FN:20,(anonymous_1)
FN:38,(anonymous_2)
FN:47,(anonymous_3)
FN:63,(anonymous_4)
FN:90,(anonymous_5)
FN:113,(anonymous_6)
FNF:7
FNH:7
FNDA:3,(anonymous_0)
FNDA:3,(anonymous_1)
FNDA:7,(anonymous_2)
FNDA:4,(anonymous_3)
FNDA:3,(anonymous_4)
FNDA:3,(anonymous_5)
FNDA:2,(anonymous_6)
DA:1,8
DA:2,8
DA:3,8
DA:7,8
DA:8,3
DA:9,3
DA:10,2
DA:12,1
DA:13,1
DA:20,8
DA:21,3
DA:22,3
DA:23,3
DA:24,2
DA:28,1
DA:30,0
DA:31,0
DA:38,8
DA:39,7
DA:40,7
DA:41,2
DA:43,5
DA:44,4
DA:47,4
DA:50,1
DA:51,1
DA:56,0
DA:63,8
DA:64,3
DA:65,3
DA:69,3
DA:70,1
DA:74,2
DA:76,0
DA:77,0
DA:78,0
DA:83,0
DA:90,8
DA:91,3
DA:92,3
DA:94,3
DA:95,1
DA:100,2
DA:101,2
DA:103,2
DA:105,0
DA:106,0
DA:113,8
DA:114,2
DA:115,2
DA:117,2
DA:118,1
DA:124,1
DA:130,0
DA:131,0
LF:55
LH:44
BRDA:23,0,0,2
BRDA:23,0,1,1
BRDA:43,1,0,4
BRDA:43,1,1,1
BRDA:50,2,0,1
BRDA:50,2,1,0
BRDA:69,3,0,1
BRDA:69,3,1,2
BRDA:77,4,0,0
BRDA:77,4,1,0
BRDA:94,5,0,1
BRDA:94,5,1,2
BRDA:117,6,0,1
BRDA:117,6,1,1
BRDA:117,7,0,2
BRDA:117,7,1,2
BRF:16
BRH:13
end_of_record
TN:
SF:middleware\auth.js
FN:4,(anonymous_0)
FN:25,(anonymous_1)
FN:26,(anonymous_2)
FNF:3
FNH:3
FNDA:75,(anonymous_0)
FNDA:103,(anonymous_1)
FNDA:67,(anonymous_2)
DA:1,9
DA:2,9
DA:4,9
DA:6,75
DA:7,70
DA:10,75
DA:11,5
DA:13,70
DA:14,70
DA:15,67
DA:16,67
DA:17,67
DA:19,3
DA:20,3
DA:25,9
DA:26,103
DA:27,67
DA:28,7
DA:30,59
LF:19
LH:19
BRDA:6,0,0,70
BRDA:6,0,1,5
BRDA:6,1,0,75
BRDA:6,1,1,70
BRDA:10,2,0,5
BRDA:10,2,1,70
BRDA:27,3,0,7
BRDA:27,3,1,59
BRF:8
BRH:8
end_of_record
TN:
SF:middleware\managerAuth.js
FN:4,(anonymous_0)
FNF:1
FNH:1
FNDA:12,(anonymous_0)
DA:1,8
DA:4,8
DA:5,12
DA:7,12
DA:8,1
DA:15,11
DA:16,11
DA:17,11
DA:18,1
DA:25,10
DA:26,10
DA:27,5
DA:34,5
DA:36,0
LF:14
LH:13
BRDA:7,0,0,1
BRDA:7,0,1,11
BRDA:17,1,0,1
BRDA:17,1,1,10
BRDA:26,2,0,5
BRDA:26,2,1,5
BRF:6
BRH:6
end_of_record
TN:
SF:models\Booking.js
FNF:0
FNH:0
DA:1,16
DA:3,16
DA:33,16
LF:3
LH:3
BRF:0
BRH:0
end_of_record
TN:
SF:models\Hotel.js
FNF:0
FNH:0
DA:1,13
DA:3,13
DA:46,13
DA:53,13
LF:4
LH:4
BRF:0
BRH:0
end_of_record
TN:
SF:models\RoomType.js
FN:120,(anonymous_0)
FN:168,(anonymous_1)
FNF:2
FNH:2
FNDA:9,(anonymous_0)
FNDA:11,(anonymous_1)
DA:1,13
DA:3,13
DA:117,13
DA:120,13
DA:121,9
DA:124,9
DA:125,9
DA:126,1
DA:130,8
DA:131,1
DA:150,7
DA:151,7
DA:154,7
DA:165,7
DA:168,7
DA:169,11
DA:170,11
DA:173,11
DA:174,21
DA:175,21
DA:180,7
DA:181,7
DA:182,8
DA:186,7
DA:188,7
DA:206,13
DA:208,13
LF:27
LH:27
BRDA:125,0,0,1
BRDA:125,0,1,8
BRDA:130,1,0,1
BRDA:130,1,1,7
BRDA:175,2,0,21
BRDA:175,2,1,8
BRDA:202,3,0,5
BRDA:202,3,1,2
BRF:8
BRH:8
end_of_record
TN:
SF:models\User.js
FN:49,(anonymous_0)
FN:55,(anonymous_1)
FN:62,(anonymous_2)
FNF:3
FNH:3
FNDA:237,(anonymous_0)
FNDA:166,(anonymous_1)
FNDA:163,(anonymous_2)
DA:1,17
DA:2,17
DA:3,17
DA:5,17
DA:49,17
DA:50,237
DA:51,237
DA:55,17
DA:56,166
DA:62,17
DA:63,163
DA:66,17
LF:12
LH:12
BRF:0
BRH:0
end_of_record
TN:
SF:routes\accounts.js
FNF:0
FNH:0
DA:1,7
DA:7,7
DA:9,7
DA:11,7
DA:13,7
DA:16,7
DA:21,7
LF:7
LH:7
BRF:0
BRH:0
end_of_record
TN:
SF:routes\auth.js
FNF:0
FNH:0
DA:1,7
DA:2,7
DA:4,7
DA:6,7
DA:8,7
DA:9,7
DA:10,7
DA:11,7
DA:13,7
LF:9
LH:9
BRF:0
BRH:0
end_of_record
TN:
SF:routes\availability.js
FNF:0
FNH:0
DA:1,7
DA:2,7
DA:3,7
DA:6,7
DA:9,7
DA:11,7
LF:6
LH:6
BRF:0
BRH:0
end_of_record
TN:
SF:routes\bookings.js
FNF:0
FNH:0
DA:1,7
DA:2,7
DA:4,7
DA:5,7
DA:7,7
DA:10,7
DA:15,7
LF:7
LH:7
BRF:0
BRH:0
end_of_record
TN:
SF:routes\hotels.js
FNF:0
FNH:0
DA:1,7
DA:2,7
DA:5,7
DA:7,7
DA:9,7
DA:12,7
DA:14,7
DA:15,7
DA:17,7
LF:9
LH:9
BRF:0
BRH:0
end_of_record
TN:
SF:routes\manager.js
FNF:0
FNH:0
DA:1,7
DA:12,7
DA:14,7
DA:15,7
DA:17,7
DA:20,7
DA:21,7
DA:24,7
DA:25,7
DA:29,7
DA:30,7
DA:31,7
DA:34,7
DA:35,7
DA:36,7
DA:37,7
DA:39,7
LF:17
LH:17
BRF:0
BRH:0
end_of_record
TN:
SF:routes\roomTypes.js
FNF:0
FNH:0
DA:1,7
DA:9,7
DA:11,7
DA:12,7
DA:14,7
DA:18,7
DA:23,7
DA:25,7
LF:8
LH:8
BRF:0
BRH:0
end_of_record
